# Logfile created on 2014-03-01 10:43:19 -0600 by logger.rb/41954
I, [2014-03-01T10:43:19.893085 #10844]  INFO -- : 0:  addressable (2.3.5) from /Users/zpfled/.rvm/gems/ruby-2.0.0-p353/specifications/addressable-2.3.5.gemspec
I, [2014-03-01T10:43:19.894118 #10844]  INFO -- : 0:  bcrypt-ruby (3.1.2) from /Users/zpfled/.rvm/gems/ruby-2.0.0-p353/specifications/bcrypt-ruby-3.1.2.gemspec
I, [2014-03-01T10:43:19.894446 #10844]  INFO -- : 0:  mime-types (2.1) from /Users/zpfled/.rvm/gems/ruby-2.0.0-p353/specifications/mime-types-2.1.gemspec
I, [2014-03-01T10:43:19.894751 #10844]  INFO -- : 0:  mini_portile (0.5.2) from /Users/zpfled/.rvm/gems/ruby-2.0.0-p353/specifications/mini_portile-0.5.2.gemspec
I, [2014-03-01T10:43:19.895043 #10844]  INFO -- : 0:  nokogiri (1.6.1) from /Users/zpfled/.rvm/gems/ruby-2.0.0-p353/specifications/nokogiri-1.6.1.gemspec
I, [2014-03-01T10:43:19.895332 #10844]  INFO -- : 0:  rack (1.5.2) from /Users/zpfled/.rvm/gems/ruby-2.0.0-p353/specifications/rack-1.5.2.gemspec
I, [2014-03-01T10:43:19.895699 #10844]  INFO -- : 0:  rack-test (0.6.2) from /Users/zpfled/.rvm/gems/ruby-2.0.0-p353/specifications/rack-test-0.6.2.gemspec
I, [2014-03-01T10:43:19.895990 #10844]  INFO -- : 0:  xpath (2.0.0) from /Users/zpfled/.rvm/gems/ruby-2.0.0-p353/specifications/xpath-2.0.0.gemspec
I, [2014-03-01T10:43:19.896278 #10844]  INFO -- : 0:  capybara (2.2.1) from /Users/zpfled/.rvm/gems/ruby-2.0.0-p353/specifications/capybara-2.2.1.gemspec
I, [2014-03-01T10:43:19.896563 #10844]  INFO -- : 0:  timers (1.1.0) from /Users/zpfled/.rvm/gems/ruby-2.0.0-p353/specifications/timers-1.1.0.gemspec
I, [2014-03-01T10:43:19.896847 #10844]  INFO -- : 0:  celluloid (0.15.2) from /Users/zpfled/.rvm/gems/ruby-2.0.0-p353/specifications/celluloid-0.15.2.gemspec
I, [2014-03-01T10:43:19.897128 #10844]  INFO -- : 0:  nio4r (1.0.0) from /Users/zpfled/.rvm/gems/ruby-2.0.0-p353/specifications/nio4r-1.0.0.gemspec
I, [2014-03-01T10:43:19.897412 #10844]  INFO -- : 0:  celluloid-io (0.15.0) from /Users/zpfled/.rvm/gems/ruby-2.0.0-p353/specifications/celluloid-io-0.15.0.gemspec
I, [2014-03-01T10:43:19.897703 #10844]  INFO -- : 0:  ffi (1.9.3) from /Users/zpfled/.rvm/gems/ruby-2.0.0-p353/specifications/ffi-1.9.3.gemspec
I, [2014-03-01T10:43:19.897992 #10844]  INFO -- : 0:  childprocess (0.5.1) from /Users/zpfled/.rvm/gems/ruby-2.0.0-p353/specifications/childprocess-0.5.1.gemspec
I, [2014-03-01T10:43:19.898279 #10844]  INFO -- : 0:  coderay (1.1.0) from /Users/zpfled/.rvm/gems/ruby-2.0.0-p353/specifications/coderay-1.1.0.gemspec
I, [2014-03-01T10:43:19.898567 #10844]  INFO -- : 0:  dm-core (1.2.1) from /Users/zpfled/.rvm/gems/ruby-2.0.0-p353/specifications/dm-core-1.2.1.gemspec
I, [2014-03-01T10:43:19.898849 #10844]  INFO -- : 0:  dm-aggregates (1.2.0) from /Users/zpfled/.rvm/gems/ruby-2.0.0-p353/specifications/dm-aggregates-1.2.0.gemspec
I, [2014-03-01T10:43:19.899131 #10844]  INFO -- : 0:  dm-constraints (1.2.0) from /Users/zpfled/.rvm/gems/ruby-2.0.0-p353/specifications/dm-constraints-1.2.0.gemspec
I, [2014-03-01T10:43:19.899411 #10844]  INFO -- : 0:  dm-migrations (1.2.0) from /Users/zpfled/.rvm/gems/ruby-2.0.0-p353/specifications/dm-migrations-1.2.0.gemspec
I, [2014-03-01T10:43:19.899691 #10844]  INFO -- : 0:  fastercsv (1.5.5) from /Users/zpfled/.rvm/gems/ruby-2.0.0-p353/specifications/fastercsv-1.5.5.gemspec
I, [2014-03-01T10:43:19.899977 #10844]  INFO -- : 0:  json (1.8.1) from /Users/zpfled/.rvm/gems/ruby-2.0.0-p353/specifications/json-1.8.1.gemspec
I, [2014-03-01T10:43:19.900265 #10844]  INFO -- : 0:  json_pure (1.8.1) from /Users/zpfled/.rvm/gems/ruby-2.0.0-p353/specifications/json_pure-1.8.1.gemspec
I, [2014-03-01T10:43:19.900557 #10844]  INFO -- : 0:  multi_json (1.8.4) from /Users/zpfled/.rvm/gems/ruby-2.0.0-p353/specifications/multi_json-1.8.4.gemspec
I, [2014-03-01T10:43:19.900845 #10844]  INFO -- : 0:  dm-serializer (1.2.2) from /Users/zpfled/.rvm/gems/ruby-2.0.0-p353/specifications/dm-serializer-1.2.2.gemspec
I, [2014-03-01T10:43:19.901131 #10844]  INFO -- : 0:  dm-timestamps (1.2.0) from /Users/zpfled/.rvm/gems/ruby-2.0.0-p353/specifications/dm-timestamps-1.2.0.gemspec
I, [2014-03-01T10:43:19.901436 #10844]  INFO -- : 0:  dm-transactions (1.2.0) from /Users/zpfled/.rvm/gems/ruby-2.0.0-p353/specifications/dm-transactions-1.2.0.gemspec
I, [2014-03-01T10:43:19.901716 #10844]  INFO -- : 0:  stringex (1.5.1) from /Users/zpfled/.rvm/gems/ruby-2.0.0-p353/specifications/stringex-1.5.1.gemspec
I, [2014-03-01T10:43:19.902002 #10844]  INFO -- : 0:  uuidtools (2.1.4) from /Users/zpfled/.rvm/gems/ruby-2.0.0-p353/specifications/uuidtools-2.1.4.gemspec
I, [2014-03-01T10:43:19.902279 #10844]  INFO -- : 0:  dm-types (1.2.2) from /Users/zpfled/.rvm/gems/ruby-2.0.0-p353/specifications/dm-types-1.2.2.gemspec
I, [2014-03-01T10:43:19.902561 #10844]  INFO -- : 0:  dm-validations (1.2.0) from /Users/zpfled/.rvm/gems/ruby-2.0.0-p353/specifications/dm-validations-1.2.0.gemspec
I, [2014-03-01T10:43:19.902840 #10844]  INFO -- : 0:  data_mapper (1.2.0) from /Users/zpfled/.rvm/gems/ruby-2.0.0-p353/specifications/data_mapper-1.2.0.gemspec
I, [2014-03-01T10:43:19.903128 #10844]  INFO -- : 0:  data_objects (0.10.14) from /Users/zpfled/.rvm/gems/ruby-2.0.0-p353/specifications/data_objects-0.10.14.gemspec
I, [2014-03-01T10:43:19.903429 #10844]  INFO -- : 0:  diff-lcs (1.2.5) from /Users/zpfled/.rvm/gems/ruby-2.0.0-p353/specifications/diff-lcs-1.2.5.gemspec
I, [2014-03-01T10:43:19.903879 #10844]  INFO -- : 0:  dm-do-adapter (1.2.0) from /Users/zpfled/.rvm/gems/ruby-2.0.0-p353/specifications/dm-do-adapter-1.2.0.gemspec
I, [2014-03-01T10:43:19.904291 #10844]  INFO -- : 0:  do_postgres (0.10.14) from /Users/zpfled/.rvm/gems/ruby-2.0.0-p353/specifications/do_postgres-0.10.14.gemspec
I, [2014-03-01T10:43:19.904745 #10844]  INFO -- : 0:  dm-postgres-adapter (1.2.0) from /Users/zpfled/.rvm/gems/ruby-2.0.0-p353/specifications/dm-postgres-adapter-1.2.0.gemspec
I, [2014-03-01T10:43:19.905328 #10844]  INFO -- : 0:  do_sqlite3 (0.10.14) from /Users/zpfled/.rvm/gems/ruby-2.0.0-p353/specifications/do_sqlite3-0.10.14.gemspec
I, [2014-03-01T10:43:19.905858 #10844]  INFO -- : 0:  dm-sqlite-adapter (1.2.0) from /Users/zpfled/.rvm/gems/ruby-2.0.0-p353/specifications/dm-sqlite-adapter-1.2.0.gemspec
I, [2014-03-01T10:43:19.906261 #10844]  INFO -- : 0:  eventmachine (1.0.3) from /Users/zpfled/.rvm/gems/ruby-2.0.0-p353/specifications/eventmachine-1.0.3.gemspec
I, [2014-03-01T10:43:19.906649 #10844]  INFO -- : 0:  http_parser.rb (0.5.3) from /Users/zpfled/.rvm/gems/ruby-2.0.0-p353/specifications/http_parser.rb-0.5.3.gemspec
I, [2014-03-01T10:43:19.907152 #10844]  INFO -- : 0:  em-websocket (0.5.0) from /Users/zpfled/.rvm/gems/ruby-2.0.0-p353/specifications/em-websocket-0.5.0.gemspec
I, [2014-03-01T10:43:19.907598 #10844]  INFO -- : 0:  formatador (0.2.4) from /Users/zpfled/.rvm/gems/ruby-2.0.0-p353/specifications/formatador-0.2.4.gemspec
I, [2014-03-01T10:43:19.908048 #10844]  INFO -- : 0:  growl (1.0.3) from /Users/zpfled/.rvm/gems/ruby-2.0.0-p353/specifications/growl-1.0.3.gemspec
I, [2014-03-01T10:43:19.908569 #10844]  INFO -- : 0:  rb-fsevent (0.9.4) from /Users/zpfled/.rvm/gems/ruby-2.0.0-p353/specifications/rb-fsevent-0.9.4.gemspec
I, [2014-03-01T10:43:19.909098 #10844]  INFO -- : 0:  rb-inotify (0.9.3) from /Users/zpfled/.rvm/gems/ruby-2.0.0-p353/specifications/rb-inotify-0.9.3.gemspec
I, [2014-03-01T10:43:19.909576 #10844]  INFO -- : 0:  listen (2.5.0) from /Users/zpfled/.rvm/gems/ruby-2.0.0-p353/specifications/listen-2.5.0.gemspec
I, [2014-03-01T10:43:19.910083 #10844]  INFO -- : 0:  lumberjack (1.0.4) from /Users/zpfled/.rvm/gems/ruby-2.0.0-p353/specifications/lumberjack-1.0.4.gemspec
I, [2014-03-01T10:43:19.910618 #10844]  INFO -- : 0:  method_source (0.8.2) from /Users/zpfled/.rvm/gems/ruby-2.0.0-p353/specifications/method_source-0.8.2.gemspec
I, [2014-03-01T10:43:19.911079 #10844]  INFO -- : 0:  slop (3.4.7) from /Users/zpfled/.rvm/gems/ruby-2.0.0-p353/specifications/slop-3.4.7.gemspec
I, [2014-03-01T10:43:19.911590 #10844]  INFO -- : 0:  pry (0.9.12.6) from /Users/zpfled/.rvm/gems/ruby-2.0.0-p353/specifications/pry-0.9.12.6.gemspec
I, [2014-03-01T10:43:19.912118 #10844]  INFO -- : 0:  thor (0.18.1) from /Users/zpfled/.rvm/gems/ruby-2.0.0-p353/specifications/thor-0.18.1.gemspec
I, [2014-03-01T10:43:19.912590 #10844]  INFO -- : 0:  guard (2.4.0) from /Users/zpfled/.rvm/gems/ruby-2.0.0-p353/specifications/guard-2.4.0.gemspec
I, [2014-03-01T10:43:19.913102 #10844]  INFO -- : 0:  guard-livereload (2.1.1) from /Users/zpfled/.rvm/gems/ruby-2.0.0-p353/specifications/guard-livereload-2.1.1.gemspec
I, [2014-03-01T10:43:19.913576 #10844]  INFO -- : 0:  rspec-core (2.14.7) from /Users/zpfled/.rvm/gems/ruby-2.0.0-p353/specifications/rspec-core-2.14.7.gemspec
I, [2014-03-01T10:43:19.914015 #10844]  INFO -- : 0:  rspec-expectations (2.14.5) from /Users/zpfled/.rvm/gems/ruby-2.0.0-p353/specifications/rspec-expectations-2.14.5.gemspec
I, [2014-03-01T10:43:19.914515 #10844]  INFO -- : 0:  rspec-mocks (2.14.5) from /Users/zpfled/.rvm/gems/ruby-2.0.0-p353/specifications/rspec-mocks-2.14.5.gemspec
I, [2014-03-01T10:43:19.915026 #10844]  INFO -- : 0:  rspec (2.14.1) from /Users/zpfled/.rvm/gems/ruby-2.0.0-p353/specifications/rspec-2.14.1.gemspec
I, [2014-03-01T10:43:19.915545 #10844]  INFO -- : 0:  guard-rspec (4.2.6) from /Users/zpfled/.rvm/gems/ruby-2.0.0-p353/specifications/guard-rspec-4.2.6.gemspec
I, [2014-03-01T10:43:19.916057 #10844]  INFO -- : 0:  spork (0.9.2) from /Users/zpfled/.rvm/gems/ruby-2.0.0-p353/specifications/spork-0.9.2.gemspec
I, [2014-03-01T10:43:19.916628 #10844]  INFO -- : 0:  guard-spork (1.4.2) from /Users/zpfled/.rvm/gems/ruby-2.0.0-p353/specifications/guard-spork-1.4.2.gemspec
I, [2014-03-01T10:43:19.917181 #10844]  INFO -- : 0:  pg (0.17.1) from /Users/zpfled/.rvm/gems/ruby-2.0.0-p353/specifications/pg-0.17.1.gemspec
I, [2014-03-01T10:43:19.917682 #10844]  INFO -- : 0:  rack-protection (1.5.2) from /Users/zpfled/.rvm/gems/ruby-2.0.0-p353/specifications/rack-protection-1.5.2.gemspec
I, [2014-03-01T10:43:19.918153 #10844]  INFO -- : 0:  shotgun (0.9) from /Users/zpfled/.rvm/gems/ruby-2.0.0-p353/specifications/shotgun-0.9.gemspec
I, [2014-03-01T10:43:19.918594 #10844]  INFO -- : 0:  tilt (1.4.1) from /Users/zpfled/.rvm/gems/ruby-2.0.0-p353/specifications/tilt-1.4.1.gemspec
I, [2014-03-01T10:43:19.919051 #10844]  INFO -- : 0:  sinatra (1.4.4) from /Users/zpfled/.rvm/gems/ruby-2.0.0-p353/specifications/sinatra-1.4.4.gemspec
I, [2014-03-01T10:43:19.919646 #10844]  INFO -- : 0:  sqlite3 (1.3.8) from /Users/zpfled/.rvm/gems/ruby-2.0.0-p353/specifications/sqlite3-1.3.8.gemspec
I, [2014-03-01T10:43:19.920088 #10844]  INFO -- : 0:  bundler (1.5.1) from /Users/zpfled/.rvm/gems/ruby-2.0.0-p353@global/specifications/bundler-1.5.1.gemspec
I, [2014-03-03T21:05:05.010819 #39738]  INFO -- : 0:  addressable (2.3.5) from /Users/zpfled/.rvm/gems/ruby-2.0.0-p353/specifications/addressable-2.3.5.gemspec
I, [2014-03-03T21:05:05.012212 #39738]  INFO -- : 0:  bcrypt-ruby (3.1.2) from /Users/zpfled/.rvm/gems/ruby-2.0.0-p353/specifications/bcrypt-ruby-3.1.2.gemspec
I, [2014-03-03T21:05:05.012545 #39738]  INFO -- : 0:  mime-types (2.1) from /Users/zpfled/.rvm/gems/ruby-2.0.0-p353/specifications/mime-types-2.1.gemspec
I, [2014-03-03T21:05:05.012860 #39738]  INFO -- : 0:  mini_portile (0.5.2) from /Users/zpfled/.rvm/gems/ruby-2.0.0-p353/specifications/mini_portile-0.5.2.gemspec
I, [2014-03-03T21:05:05.013162 #39738]  INFO -- : 0:  nokogiri (1.6.1) from /Users/zpfled/.rvm/gems/ruby-2.0.0-p353/specifications/nokogiri-1.6.1.gemspec
I, [2014-03-03T21:05:05.013460 #39738]  INFO -- : 0:  rack (1.5.2) from /Users/zpfled/.rvm/gems/ruby-2.0.0-p353/specifications/rack-1.5.2.gemspec
I, [2014-03-03T21:05:05.013757 #39738]  INFO -- : 0:  rack-test (0.6.2) from /Users/zpfled/.rvm/gems/ruby-2.0.0-p353/specifications/rack-test-0.6.2.gemspec
I, [2014-03-03T21:05:05.014051 #39738]  INFO -- : 0:  xpath (2.0.0) from /Users/zpfled/.rvm/gems/ruby-2.0.0-p353/specifications/xpath-2.0.0.gemspec
I, [2014-03-03T21:05:05.014346 #39738]  INFO -- : 0:  capybara (2.2.1) from /Users/zpfled/.rvm/gems/ruby-2.0.0-p353/specifications/capybara-2.2.1.gemspec
I, [2014-03-03T21:05:05.014638 #39738]  INFO -- : 0:  timers (1.1.0) from /Users/zpfled/.rvm/gems/ruby-2.0.0-p353/specifications/timers-1.1.0.gemspec
I, [2014-03-03T21:05:05.014953 #39738]  INFO -- : 0:  celluloid (0.15.2) from /Users/zpfled/.rvm/gems/ruby-2.0.0-p353/specifications/celluloid-0.15.2.gemspec
I, [2014-03-03T21:05:05.015250 #39738]  INFO -- : 0:  nio4r (1.0.0) from /Users/zpfled/.rvm/gems/ruby-2.0.0-p353/specifications/nio4r-1.0.0.gemspec
I, [2014-03-03T21:05:05.015682 #39738]  INFO -- : 0:  celluloid-io (0.15.0) from /Users/zpfled/.rvm/gems/ruby-2.0.0-p353/specifications/celluloid-io-0.15.0.gemspec
I, [2014-03-03T21:05:05.016024 #39738]  INFO -- : 0:  ffi (1.9.3) from /Users/zpfled/.rvm/gems/ruby-2.0.0-p353/specifications/ffi-1.9.3.gemspec
I, [2014-03-03T21:05:05.016363 #39738]  INFO -- : 0:  childprocess (0.5.1) from /Users/zpfled/.rvm/gems/ruby-2.0.0-p353/specifications/childprocess-0.5.1.gemspec
I, [2014-03-03T21:05:05.016700 #39738]  INFO -- : 0:  coderay (1.1.0) from /Users/zpfled/.rvm/gems/ruby-2.0.0-p353/specifications/coderay-1.1.0.gemspec
I, [2014-03-03T21:05:05.017036 #39738]  INFO -- : 0:  dm-core (1.2.1) from /Users/zpfled/.rvm/gems/ruby-2.0.0-p353/specifications/dm-core-1.2.1.gemspec
I, [2014-03-03T21:05:05.017364 #39738]  INFO -- : 0:  dm-aggregates (1.2.0) from /Users/zpfled/.rvm/gems/ruby-2.0.0-p353/specifications/dm-aggregates-1.2.0.gemspec
I, [2014-03-03T21:05:05.017693 #39738]  INFO -- : 0:  dm-constraints (1.2.0) from /Users/zpfled/.rvm/gems/ruby-2.0.0-p353/specifications/dm-constraints-1.2.0.gemspec
I, [2014-03-03T21:05:05.018023 #39738]  INFO -- : 0:  dm-migrations (1.2.0) from /Users/zpfled/.rvm/gems/ruby-2.0.0-p353/specifications/dm-migrations-1.2.0.gemspec
I, [2014-03-03T21:05:05.018351 #39738]  INFO -- : 0:  fastercsv (1.5.5) from /Users/zpfled/.rvm/gems/ruby-2.0.0-p353/specifications/fastercsv-1.5.5.gemspec
I, [2014-03-03T21:05:05.018682 #39738]  INFO -- : 0:  json (1.8.1) from /Users/zpfled/.rvm/gems/ruby-2.0.0-p353/specifications/json-1.8.1.gemspec
I, [2014-03-03T21:05:05.019029 #39738]  INFO -- : 0:  json_pure (1.8.1) from /Users/zpfled/.rvm/gems/ruby-2.0.0-p353/specifications/json_pure-1.8.1.gemspec
I, [2014-03-03T21:05:05.019394 #39738]  INFO -- : 0:  multi_json (1.8.4) from /Users/zpfled/.rvm/gems/ruby-2.0.0-p353/specifications/multi_json-1.8.4.gemspec
I, [2014-03-03T21:05:05.019729 #39738]  INFO -- : 0:  dm-serializer (1.2.2) from /Users/zpfled/.rvm/gems/ruby-2.0.0-p353/specifications/dm-serializer-1.2.2.gemspec
I, [2014-03-03T21:05:05.020062 #39738]  INFO -- : 0:  dm-timestamps (1.2.0) from /Users/zpfled/.rvm/gems/ruby-2.0.0-p353/specifications/dm-timestamps-1.2.0.gemspec
I, [2014-03-03T21:05:05.020394 #39738]  INFO -- : 0:  dm-transactions (1.2.0) from /Users/zpfled/.rvm/gems/ruby-2.0.0-p353/specifications/dm-transactions-1.2.0.gemspec
I, [2014-03-03T21:05:05.020720 #39738]  INFO -- : 0:  stringex (1.5.1) from /Users/zpfled/.rvm/gems/ruby-2.0.0-p353/specifications/stringex-1.5.1.gemspec
I, [2014-03-03T21:05:05.021053 #39738]  INFO -- : 0:  uuidtools (2.1.4) from /Users/zpfled/.rvm/gems/ruby-2.0.0-p353/specifications/uuidtools-2.1.4.gemspec
I, [2014-03-03T21:05:05.021378 #39738]  INFO -- : 0:  dm-types (1.2.2) from /Users/zpfled/.rvm/gems/ruby-2.0.0-p353/specifications/dm-types-1.2.2.gemspec
I, [2014-03-03T21:05:05.021722 #39738]  INFO -- : 0:  dm-validations (1.2.0) from /Users/zpfled/.rvm/gems/ruby-2.0.0-p353/specifications/dm-validations-1.2.0.gemspec
I, [2014-03-03T21:05:05.022088 #39738]  INFO -- : 0:  data_mapper (1.2.0) from /Users/zpfled/.rvm/gems/ruby-2.0.0-p353/specifications/data_mapper-1.2.0.gemspec
I, [2014-03-03T21:05:05.022457 #39738]  INFO -- : 0:  data_objects (0.10.14) from /Users/zpfled/.rvm/gems/ruby-2.0.0-p353/specifications/data_objects-0.10.14.gemspec
I, [2014-03-03T21:05:05.022810 #39738]  INFO -- : 0:  diff-lcs (1.2.5) from /Users/zpfled/.rvm/gems/ruby-2.0.0-p353/specifications/diff-lcs-1.2.5.gemspec
I, [2014-03-03T21:05:05.023162 #39738]  INFO -- : 0:  dm-do-adapter (1.2.0) from /Users/zpfled/.rvm/gems/ruby-2.0.0-p353/specifications/dm-do-adapter-1.2.0.gemspec
I, [2014-03-03T21:05:05.023559 #39738]  INFO -- : 0:  do_postgres (0.10.14) from /Users/zpfled/.rvm/gems/ruby-2.0.0-p353/specifications/do_postgres-0.10.14.gemspec
I, [2014-03-03T21:05:05.023931 #39738]  INFO -- : 0:  dm-postgres-adapter (1.2.0) from /Users/zpfled/.rvm/gems/ruby-2.0.0-p353/specifications/dm-postgres-adapter-1.2.0.gemspec
I, [2014-03-03T21:05:05.024299 #39738]  INFO -- : 0:  do_sqlite3 (0.10.14) from /Users/zpfled/.rvm/gems/ruby-2.0.0-p353/specifications/do_sqlite3-0.10.14.gemspec
I, [2014-03-03T21:05:05.024657 #39738]  INFO -- : 0:  dm-sqlite-adapter (1.2.0) from /Users/zpfled/.rvm/gems/ruby-2.0.0-p353/specifications/dm-sqlite-adapter-1.2.0.gemspec
I, [2014-03-03T21:05:05.025012 #39738]  INFO -- : 0:  eventmachine (1.0.3) from /Users/zpfled/.rvm/gems/ruby-2.0.0-p353/specifications/eventmachine-1.0.3.gemspec
I, [2014-03-03T21:05:05.025365 #39738]  INFO -- : 0:  http_parser.rb (0.5.3) from /Users/zpfled/.rvm/gems/ruby-2.0.0-p353/specifications/http_parser.rb-0.5.3.gemspec
I, [2014-03-03T21:05:05.025721 #39738]  INFO -- : 0:  em-websocket (0.5.0) from /Users/zpfled/.rvm/gems/ruby-2.0.0-p353/specifications/em-websocket-0.5.0.gemspec
I, [2014-03-03T21:05:05.026069 #39738]  INFO -- : 0:  formatador (0.2.4) from /Users/zpfled/.rvm/gems/ruby-2.0.0-p353/specifications/formatador-0.2.4.gemspec
I, [2014-03-03T21:05:05.026421 #39738]  INFO -- : 0:  growl (1.0.3) from /Users/zpfled/.rvm/gems/ruby-2.0.0-p353/specifications/growl-1.0.3.gemspec
I, [2014-03-03T21:05:05.026781 #39738]  INFO -- : 0:  rb-fsevent (0.9.4) from /Users/zpfled/.rvm/gems/ruby-2.0.0-p353/specifications/rb-fsevent-0.9.4.gemspec
I, [2014-03-03T21:05:05.027139 #39738]  INFO -- : 0:  rb-inotify (0.9.3) from /Users/zpfled/.rvm/gems/ruby-2.0.0-p353/specifications/rb-inotify-0.9.3.gemspec
I, [2014-03-03T21:05:05.027500 #39738]  INFO -- : 0:  listen (2.5.0) from /Users/zpfled/.rvm/gems/ruby-2.0.0-p353/specifications/listen-2.5.0.gemspec
I, [2014-03-03T21:05:05.027853 #39738]  INFO -- : 0:  lumberjack (1.0.4) from /Users/zpfled/.rvm/gems/ruby-2.0.0-p353/specifications/lumberjack-1.0.4.gemspec
I, [2014-03-03T21:05:05.028214 #39738]  INFO -- : 0:  method_source (0.8.2) from /Users/zpfled/.rvm/gems/ruby-2.0.0-p353/specifications/method_source-0.8.2.gemspec
I, [2014-03-03T21:05:05.028574 #39738]  INFO -- : 0:  slop (3.4.7) from /Users/zpfled/.rvm/gems/ruby-2.0.0-p353/specifications/slop-3.4.7.gemspec
I, [2014-03-03T21:05:05.028936 #39738]  INFO -- : 0:  pry (0.9.12.6) from /Users/zpfled/.rvm/gems/ruby-2.0.0-p353/specifications/pry-0.9.12.6.gemspec
I, [2014-03-03T21:05:05.029286 #39738]  INFO -- : 0:  thor (0.18.1) from /Users/zpfled/.rvm/gems/ruby-2.0.0-p353/specifications/thor-0.18.1.gemspec
I, [2014-03-03T21:05:05.029641 #39738]  INFO -- : 0:  guard (2.4.0) from /Users/zpfled/.rvm/gems/ruby-2.0.0-p353/specifications/guard-2.4.0.gemspec
I, [2014-03-03T21:05:05.030000 #39738]  INFO -- : 0:  guard-livereload (2.1.1) from /Users/zpfled/.rvm/gems/ruby-2.0.0-p353/specifications/guard-livereload-2.1.1.gemspec
I, [2014-03-03T21:05:05.030353 #39738]  INFO -- : 0:  rspec-core (2.14.7) from /Users/zpfled/.rvm/gems/ruby-2.0.0-p353/specifications/rspec-core-2.14.7.gemspec
I, [2014-03-03T21:05:05.030709 #39738]  INFO -- : 0:  rspec-expectations (2.14.5) from /Users/zpfled/.rvm/gems/ruby-2.0.0-p353/specifications/rspec-expectations-2.14.5.gemspec
I, [2014-03-03T21:05:05.031064 #39738]  INFO -- : 0:  rspec-mocks (2.14.5) from /Users/zpfled/.rvm/gems/ruby-2.0.0-p353/specifications/rspec-mocks-2.14.5.gemspec
I, [2014-03-03T21:05:05.031417 #39738]  INFO -- : 0:  rspec (2.14.1) from /Users/zpfled/.rvm/gems/ruby-2.0.0-p353/specifications/rspec-2.14.1.gemspec
I, [2014-03-03T21:05:05.031776 #39738]  INFO -- : 0:  guard-rspec (4.2.6) from /Users/zpfled/.rvm/gems/ruby-2.0.0-p353/specifications/guard-rspec-4.2.6.gemspec
I, [2014-03-03T21:05:05.032127 #39738]  INFO -- : 0:  spork (0.9.2) from /Users/zpfled/.rvm/gems/ruby-2.0.0-p353/specifications/spork-0.9.2.gemspec
I, [2014-03-03T21:05:05.032473 #39738]  INFO -- : 0:  guard-spork (1.4.2) from /Users/zpfled/.rvm/gems/ruby-2.0.0-p353/specifications/guard-spork-1.4.2.gemspec
I, [2014-03-03T21:05:05.032824 #39738]  INFO -- : 0:  pg (0.17.1) from /Users/zpfled/.rvm/gems/ruby-2.0.0-p353/specifications/pg-0.17.1.gemspec
I, [2014-03-03T21:05:05.033200 #39738]  INFO -- : 0:  rack-protection (1.5.2) from /Users/zpfled/.rvm/gems/ruby-2.0.0-p353/specifications/rack-protection-1.5.2.gemspec
I, [2014-03-03T21:05:05.033552 #39738]  INFO -- : 0:  shotgun (0.9) from /Users/zpfled/.rvm/gems/ruby-2.0.0-p353/specifications/shotgun-0.9.gemspec
I, [2014-03-03T21:05:05.033908 #39738]  INFO -- : 0:  tilt (1.4.1) from /Users/zpfled/.rvm/gems/ruby-2.0.0-p353/specifications/tilt-1.4.1.gemspec
I, [2014-03-03T21:05:05.034269 #39738]  INFO -- : 0:  sinatra (1.4.4) from /Users/zpfled/.rvm/gems/ruby-2.0.0-p353/specifications/sinatra-1.4.4.gemspec
I, [2014-03-03T21:05:05.034651 #39738]  INFO -- : 0:  sqlite3 (1.3.8) from /Users/zpfled/.rvm/gems/ruby-2.0.0-p353/specifications/sqlite3-1.3.8.gemspec
I, [2014-03-03T21:05:05.034992 #39738]  INFO -- : 0:  bundler (1.5.1) from /Users/zpfled/.rvm/gems/ruby-2.0.0-p353@global/specifications/bundler-1.5.1.gemspec
