# Logfile created on 2014-01-15 16:07:58 -0600 by logger.rb/41954
I, [2014-01-15T16:07:58.800742 #7311]  INFO -- : 0:  addressable (2.3.5) from /Users/zpfled/.rvm/gems/ruby-2.0.0-p353/specifications/addressable-2.3.5.gemspec
I, [2014-01-15T16:07:58.801218 #7311]  INFO -- : 0:  bcrypt-ruby (3.1.2) from /Users/zpfled/.rvm/gems/ruby-2.0.0-p353/specifications/bcrypt-ruby-3.1.2.gemspec
I, [2014-01-15T16:07:58.801546 #7311]  INFO -- : 0:  dm-core (1.2.1) from /Users/zpfled/.rvm/gems/ruby-2.0.0-p353/specifications/dm-core-1.2.1.gemspec
I, [2014-01-15T16:07:58.801884 #7311]  INFO -- : 0:  dm-aggregates (1.2.0) from /Users/zpfled/.rvm/gems/ruby-2.0.0-p353/specifications/dm-aggregates-1.2.0.gemspec
I, [2014-01-15T16:07:58.802213 #7311]  INFO -- : 0:  dm-constraints (1.2.0) from /Users/zpfled/.rvm/gems/ruby-2.0.0-p353/specifications/dm-constraints-1.2.0.gemspec
I, [2014-01-15T16:07:58.802505 #7311]  INFO -- : 0:  dm-migrations (1.2.0) from /Users/zpfled/.rvm/gems/ruby-2.0.0-p353/specifications/dm-migrations-1.2.0.gemspec
I, [2014-01-15T16:07:58.802820 #7311]  INFO -- : 0:  fastercsv (1.5.5) from /Users/zpfled/.rvm/gems/ruby-2.0.0-p353/specifications/fastercsv-1.5.5.gemspec
I, [2014-01-15T16:07:58.803153 #7311]  INFO -- : 0:  json (1.8.1) from /Users/zpfled/.rvm/gems/ruby-2.0.0-p353/specifications/json-1.8.1.gemspec
I, [2014-01-15T16:07:58.803574 #7311]  INFO -- : 0:  json_pure (1.8.1) from /Users/zpfled/.rvm/gems/ruby-2.0.0-p353/specifications/json_pure-1.8.1.gemspec
I, [2014-01-15T16:07:58.803882 #7311]  INFO -- : 0:  multi_json (1.8.2) from /Users/zpfled/.rvm/gems/ruby-2.0.0-p353/specifications/multi_json-1.8.2.gemspec
I, [2014-01-15T16:07:58.804203 #7311]  INFO -- : 0:  dm-serializer (1.2.2) from /Users/zpfled/.rvm/gems/ruby-2.0.0-p353/specifications/dm-serializer-1.2.2.gemspec
I, [2014-01-15T16:07:58.804524 #7311]  INFO -- : 0:  dm-timestamps (1.2.0) from /Users/zpfled/.rvm/gems/ruby-2.0.0-p353/specifications/dm-timestamps-1.2.0.gemspec
I, [2014-01-15T16:07:58.804834 #7311]  INFO -- : 0:  dm-transactions (1.2.0) from /Users/zpfled/.rvm/gems/ruby-2.0.0-p353/specifications/dm-transactions-1.2.0.gemspec
I, [2014-01-15T16:07:58.805118 #7311]  INFO -- : 0:  stringex (1.5.1) from /Users/zpfled/.rvm/gems/ruby-2.0.0-p353/specifications/stringex-1.5.1.gemspec
I, [2014-01-15T16:07:58.805431 #7311]  INFO -- : 0:  uuidtools (2.1.4) from /Users/zpfled/.rvm/gems/ruby-2.0.0-p353/specifications/uuidtools-2.1.4.gemspec
I, [2014-01-15T16:07:58.805743 #7311]  INFO -- : 0:  dm-types (1.2.2) from /Users/zpfled/.rvm/gems/ruby-2.0.0-p353/specifications/dm-types-1.2.2.gemspec
I, [2014-01-15T16:07:58.806028 #7311]  INFO -- : 0:  dm-validations (1.2.0) from /Users/zpfled/.rvm/gems/ruby-2.0.0-p353/specifications/dm-validations-1.2.0.gemspec
I, [2014-01-15T16:07:58.806332 #7311]  INFO -- : 0:  data_mapper (1.2.0) from /Users/zpfled/.rvm/gems/ruby-2.0.0-p353/specifications/data_mapper-1.2.0.gemspec
I, [2014-01-15T16:07:58.806642 #7311]  INFO -- : 0:  data_objects (0.10.13) from /Users/zpfled/.rvm/gems/ruby-2.0.0-p353/specifications/data_objects-0.10.13.gemspec
I, [2014-01-15T16:07:58.806958 #7311]  INFO -- : 0:  dm-do-adapter (1.2.0) from /Users/zpfled/.rvm/gems/ruby-2.0.0-p353/specifications/dm-do-adapter-1.2.0.gemspec
I, [2014-01-15T16:07:58.807239 #7311]  INFO -- : 0:  do_postgres (0.10.13) from /Users/zpfled/.rvm/gems/ruby-2.0.0-p353/specifications/do_postgres-0.10.13.gemspec
I, [2014-01-15T16:07:58.807575 #7311]  INFO -- : 0:  dm-postgres-adapter (1.2.0) from /Users/zpfled/.rvm/gems/ruby-2.0.0-p353/specifications/dm-postgres-adapter-1.2.0.gemspec
I, [2014-01-15T16:07:58.807929 #7311]  INFO -- : 0:  pg (0.17.1) from /Users/zpfled/.rvm/gems/ruby-2.0.0-p353/specifications/pg-0.17.1.gemspec
I, [2014-01-15T16:07:58.808245 #7311]  INFO -- : 0:  rack (1.5.2) from /Users/zpfled/.rvm/gems/ruby-2.0.0-p353/specifications/rack-1.5.2.gemspec
I, [2014-01-15T16:07:58.808955 #7311]  INFO -- : 0:  shotgun (0.9) from /Users/zpfled/.rvm/gems/ruby-2.0.0-p353/specifications/shotgun-0.9.gemspec
I, [2014-01-15T16:07:58.809316 #7311]  INFO -- : 0:  tilt (1.4.1) from /Users/zpfled/.rvm/gems/ruby-2.0.0-p353/specifications/tilt-1.4.1.gemspec
I, [2014-01-15T16:07:58.809652 #7311]  INFO -- : 0:  sinatra (1.1.0) from /Users/zpfled/.rvm/gems/ruby-2.0.0-p353/specifications/sinatra-1.1.0.gemspec
I, [2014-01-15T16:07:58.809961 #7311]  INFO -- : 0:  bundler (1.5.1) from /Users/zpfled/.rvm/gems/ruby-2.0.0-p353@global/specifications/bundler-1.5.1.gemspec
I, [2014-01-15T16:08:13.304724 #7318]  INFO -- : 0:  addressable (2.3.5) from /Users/zpfled/.rvm/gems/ruby-2.0.0-p353/specifications/addressable-2.3.5.gemspec
I, [2014-01-15T16:08:13.305189 #7318]  INFO -- : 0:  bcrypt-ruby (3.1.2) from /Users/zpfled/.rvm/gems/ruby-2.0.0-p353/specifications/bcrypt-ruby-3.1.2.gemspec
I, [2014-01-15T16:08:13.305625 #7318]  INFO -- : 0:  dm-core (1.2.1) from /Users/zpfled/.rvm/gems/ruby-2.0.0-p353/specifications/dm-core-1.2.1.gemspec
I, [2014-01-15T16:08:13.306017 #7318]  INFO -- : 0:  dm-aggregates (1.2.0) from /Users/zpfled/.rvm/gems/ruby-2.0.0-p353/specifications/dm-aggregates-1.2.0.gemspec
I, [2014-01-15T16:08:13.306398 #7318]  INFO -- : 0:  dm-constraints (1.2.0) from /Users/zpfled/.rvm/gems/ruby-2.0.0-p353/specifications/dm-constraints-1.2.0.gemspec
I, [2014-01-15T16:08:13.306784 #7318]  INFO -- : 0:  dm-migrations (1.2.0) from /Users/zpfled/.rvm/gems/ruby-2.0.0-p353/specifications/dm-migrations-1.2.0.gemspec
I, [2014-01-15T16:08:13.307135 #7318]  INFO -- : 0:  fastercsv (1.5.5) from /Users/zpfled/.rvm/gems/ruby-2.0.0-p353/specifications/fastercsv-1.5.5.gemspec
I, [2014-01-15T16:08:13.307518 #7318]  INFO -- : 0:  json (1.8.1) from /Users/zpfled/.rvm/gems/ruby-2.0.0-p353/specifications/json-1.8.1.gemspec
I, [2014-01-15T16:08:13.307851 #7318]  INFO -- : 0:  json_pure (1.8.1) from /Users/zpfled/.rvm/gems/ruby-2.0.0-p353/specifications/json_pure-1.8.1.gemspec
I, [2014-01-15T16:08:13.308228 #7318]  INFO -- : 0:  multi_json (1.8.2) from /Users/zpfled/.rvm/gems/ruby-2.0.0-p353/specifications/multi_json-1.8.2.gemspec
I, [2014-01-15T16:08:13.308609 #7318]  INFO -- : 0:  dm-serializer (1.2.2) from /Users/zpfled/.rvm/gems/ruby-2.0.0-p353/specifications/dm-serializer-1.2.2.gemspec
I, [2014-01-15T16:08:13.308992 #7318]  INFO -- : 0:  dm-timestamps (1.2.0) from /Users/zpfled/.rvm/gems/ruby-2.0.0-p353/specifications/dm-timestamps-1.2.0.gemspec
I, [2014-01-15T16:08:13.309350 #7318]  INFO -- : 0:  dm-transactions (1.2.0) from /Users/zpfled/.rvm/gems/ruby-2.0.0-p353/specifications/dm-transactions-1.2.0.gemspec
I, [2014-01-15T16:08:13.309723 #7318]  INFO -- : 0:  stringex (1.5.1) from /Users/zpfled/.rvm/gems/ruby-2.0.0-p353/specifications/stringex-1.5.1.gemspec
I, [2014-01-15T16:08:13.310109 #7318]  INFO -- : 0:  uuidtools (2.1.4) from /Users/zpfled/.rvm/gems/ruby-2.0.0-p353/specifications/uuidtools-2.1.4.gemspec
I, [2014-01-15T16:08:13.310461 #7318]  INFO -- : 0:  dm-types (1.2.2) from /Users/zpfled/.rvm/gems/ruby-2.0.0-p353/specifications/dm-types-1.2.2.gemspec
I, [2014-01-15T16:08:13.310847 #7318]  INFO -- : 0:  dm-validations (1.2.0) from /Users/zpfled/.rvm/gems/ruby-2.0.0-p353/specifications/dm-validations-1.2.0.gemspec
I, [2014-01-15T16:08:13.311240 #7318]  INFO -- : 0:  data_mapper (1.2.0) from /Users/zpfled/.rvm/gems/ruby-2.0.0-p353/specifications/data_mapper-1.2.0.gemspec
I, [2014-01-15T16:08:13.311590 #7318]  INFO -- : 0:  data_objects (0.10.13) from /Users/zpfled/.rvm/gems/ruby-2.0.0-p353/specifications/data_objects-0.10.13.gemspec
I, [2014-01-15T16:08:13.311974 #7318]  INFO -- : 0:  dm-do-adapter (1.2.0) from /Users/zpfled/.rvm/gems/ruby-2.0.0-p353/specifications/dm-do-adapter-1.2.0.gemspec
I, [2014-01-15T16:08:13.312313 #7318]  INFO -- : 0:  do_postgres (0.10.13) from /Users/zpfled/.rvm/gems/ruby-2.0.0-p353/specifications/do_postgres-0.10.13.gemspec
I, [2014-01-15T16:08:13.312687 #7318]  INFO -- : 0:  dm-postgres-adapter (1.2.0) from /Users/zpfled/.rvm/gems/ruby-2.0.0-p353/specifications/dm-postgres-adapter-1.2.0.gemspec
I, [2014-01-15T16:08:13.313073 #7318]  INFO -- : 0:  pg (0.17.1) from /Users/zpfled/.rvm/gems/ruby-2.0.0-p353/specifications/pg-0.17.1.gemspec
I, [2014-01-15T16:08:13.313481 #7318]  INFO -- : 0:  rack (1.5.2) from /Users/zpfled/.rvm/gems/ruby-2.0.0-p353/specifications/rack-1.5.2.gemspec
I, [2014-01-15T16:08:13.313881 #7318]  INFO -- : 0:  shotgun (0.9) from /Users/zpfled/.rvm/gems/ruby-2.0.0-p353/specifications/shotgun-0.9.gemspec
I, [2014-01-15T16:08:13.314229 #7318]  INFO -- : 0:  tilt (1.4.1) from /Users/zpfled/.rvm/gems/ruby-2.0.0-p353/specifications/tilt-1.4.1.gemspec
I, [2014-01-15T16:08:13.314612 #7318]  INFO -- : 0:  sinatra (1.1.0) from /Users/zpfled/.rvm/gems/ruby-2.0.0-p353/specifications/sinatra-1.1.0.gemspec
I, [2014-01-15T16:08:13.314976 #7318]  INFO -- : 0:  bundler (1.5.1) from /Users/zpfled/.rvm/gems/ruby-2.0.0-p353@global/specifications/bundler-1.5.1.gemspec
I, [2014-01-15T16:10:38.306039 #7394]  INFO -- : 0:  addressable (2.3.5) from /Users/zpfled/.rvm/gems/ruby-2.0.0-p353/specifications/addressable-2.3.5.gemspec
I, [2014-01-15T16:10:38.306496 #7394]  INFO -- : 0:  bcrypt-ruby (3.1.2) from /Users/zpfled/.rvm/gems/ruby-2.0.0-p353/specifications/bcrypt-ruby-3.1.2.gemspec
I, [2014-01-15T16:10:38.306870 #7394]  INFO -- : 0:  dm-core (1.2.1) from /Users/zpfled/.rvm/gems/ruby-2.0.0-p353/specifications/dm-core-1.2.1.gemspec
I, [2014-01-15T16:10:38.307209 #7394]  INFO -- : 0:  dm-aggregates (1.2.0) from /Users/zpfled/.rvm/gems/ruby-2.0.0-p353/specifications/dm-aggregates-1.2.0.gemspec
I, [2014-01-15T16:10:38.307539 #7394]  INFO -- : 0:  dm-constraints (1.2.0) from /Users/zpfled/.rvm/gems/ruby-2.0.0-p353/specifications/dm-constraints-1.2.0.gemspec
I, [2014-01-15T16:10:38.307863 #7394]  INFO -- : 0:  dm-migrations (1.2.0) from /Users/zpfled/.rvm/gems/ruby-2.0.0-p353/specifications/dm-migrations-1.2.0.gemspec
I, [2014-01-15T16:10:38.308157 #7394]  INFO -- : 0:  fastercsv (1.5.5) from /Users/zpfled/.rvm/gems/ruby-2.0.0-p353/specifications/fastercsv-1.5.5.gemspec
I, [2014-01-15T16:10:38.308495 #7394]  INFO -- : 0:  json (1.8.1) from /Users/zpfled/.rvm/gems/ruby-2.0.0-p353/specifications/json-1.8.1.gemspec
I, [2014-01-15T16:10:38.308784 #7394]  INFO -- : 0:  json_pure (1.8.1) from /Users/zpfled/.rvm/gems/ruby-2.0.0-p353/specifications/json_pure-1.8.1.gemspec
I, [2014-01-15T16:10:38.309095 #7394]  INFO -- : 0:  multi_json (1.8.2) from /Users/zpfled/.rvm/gems/ruby-2.0.0-p353/specifications/multi_json-1.8.2.gemspec
I, [2014-01-15T16:10:38.309407 #7394]  INFO -- : 0:  dm-serializer (1.2.2) from /Users/zpfled/.rvm/gems/ruby-2.0.0-p353/specifications/dm-serializer-1.2.2.gemspec
I, [2014-01-15T16:10:38.309718 #7394]  INFO -- : 0:  dm-timestamps (1.2.0) from /Users/zpfled/.rvm/gems/ruby-2.0.0-p353/specifications/dm-timestamps-1.2.0.gemspec
I, [2014-01-15T16:10:38.310001 #7394]  INFO -- : 0:  dm-transactions (1.2.0) from /Users/zpfled/.rvm/gems/ruby-2.0.0-p353/specifications/dm-transactions-1.2.0.gemspec
I, [2014-01-15T16:10:38.310313 #7394]  INFO -- : 0:  stringex (1.5.1) from /Users/zpfled/.rvm/gems/ruby-2.0.0-p353/specifications/stringex-1.5.1.gemspec
I, [2014-01-15T16:10:38.310625 #7394]  INFO -- : 0:  uuidtools (2.1.4) from /Users/zpfled/.rvm/gems/ruby-2.0.0-p353/specifications/uuidtools-2.1.4.gemspec
I, [2014-01-15T16:10:38.310904 #7394]  INFO -- : 0:  dm-types (1.2.2) from /Users/zpfled/.rvm/gems/ruby-2.0.0-p353/specifications/dm-types-1.2.2.gemspec
I, [2014-01-15T16:10:38.311226 #7394]  INFO -- : 0:  dm-validations (1.2.0) from /Users/zpfled/.rvm/gems/ruby-2.0.0-p353/specifications/dm-validations-1.2.0.gemspec
I, [2014-01-15T16:10:38.311542 #7394]  INFO -- : 0:  data_mapper (1.2.0) from /Users/zpfled/.rvm/gems/ruby-2.0.0-p353/specifications/data_mapper-1.2.0.gemspec
I, [2014-01-15T16:10:38.311822 #7394]  INFO -- : 0:  data_objects (0.10.13) from /Users/zpfled/.rvm/gems/ruby-2.0.0-p353/specifications/data_objects-0.10.13.gemspec
I, [2014-01-15T16:10:38.312145 #7394]  INFO -- : 0:  dm-do-adapter (1.2.0) from /Users/zpfled/.rvm/gems/ruby-2.0.0-p353/specifications/dm-do-adapter-1.2.0.gemspec
I, [2014-01-15T16:10:38.312424 #7394]  INFO -- : 0:  do_postgres (0.10.13) from /Users/zpfled/.rvm/gems/ruby-2.0.0-p353/specifications/do_postgres-0.10.13.gemspec
I, [2014-01-15T16:10:38.312733 #7394]  INFO -- : 0:  dm-postgres-adapter (1.2.0) from /Users/zpfled/.rvm/gems/ruby-2.0.0-p353/specifications/dm-postgres-adapter-1.2.0.gemspec
I, [2014-01-15T16:10:38.313040 #7394]  INFO -- : 0:  pg (0.17.1) from /Users/zpfled/.rvm/gems/ruby-2.0.0-p353/specifications/pg-0.17.1.gemspec
I, [2014-01-15T16:10:38.313363 #7394]  INFO -- : 0:  rack (1.5.2) from /Users/zpfled/.rvm/gems/ruby-2.0.0-p353/specifications/rack-1.5.2.gemspec
I, [2014-01-15T16:10:38.313664 #7394]  INFO -- : 0:  shotgun (0.9) from /Users/zpfled/.rvm/gems/ruby-2.0.0-p353/specifications/shotgun-0.9.gemspec
I, [2014-01-15T16:10:38.313946 #7394]  INFO -- : 0:  tilt (1.4.1) from /Users/zpfled/.rvm/gems/ruby-2.0.0-p353/specifications/tilt-1.4.1.gemspec
I, [2014-01-15T16:10:38.314264 #7394]  INFO -- : 0:  sinatra (1.1.0) from /Users/zpfled/.rvm/gems/ruby-2.0.0-p353/specifications/sinatra-1.1.0.gemspec
I, [2014-01-15T16:10:38.314557 #7394]  INFO -- : 0:  bundler (1.5.1) from /Users/zpfled/.rvm/gems/ruby-2.0.0-p353@global/specifications/bundler-1.5.1.gemspec
I, [2014-01-15T16:17:08.277515 #7566]  INFO -- : 0:  addressable (2.3.5) from /Users/zpfled/.rvm/gems/ruby-2.0.0-p353/specifications/addressable-2.3.5.gemspec
I, [2014-01-15T16:17:08.278229 #7566]  INFO -- : 0:  bcrypt-ruby (3.1.2) from /Users/zpfled/.rvm/gems/ruby-2.0.0-p353/specifications/bcrypt-ruby-3.1.2.gemspec
I, [2014-01-15T16:17:08.278741 #7566]  INFO -- : 0:  dm-core (1.2.1) from /Users/zpfled/.rvm/gems/ruby-2.0.0-p353/specifications/dm-core-1.2.1.gemspec
I, [2014-01-15T16:17:08.279226 #7566]  INFO -- : 0:  dm-aggregates (1.2.0) from /Users/zpfled/.rvm/gems/ruby-2.0.0-p353/specifications/dm-aggregates-1.2.0.gemspec
I, [2014-01-15T16:17:08.279721 #7566]  INFO -- : 0:  dm-constraints (1.2.0) from /Users/zpfled/.rvm/gems/ruby-2.0.0-p353/specifications/dm-constraints-1.2.0.gemspec
I, [2014-01-15T16:17:08.280200 #7566]  INFO -- : 0:  dm-migrations (1.2.0) from /Users/zpfled/.rvm/gems/ruby-2.0.0-p353/specifications/dm-migrations-1.2.0.gemspec
I, [2014-01-15T16:17:08.280694 #7566]  INFO -- : 0:  fastercsv (1.5.5) from /Users/zpfled/.rvm/gems/ruby-2.0.0-p353/specifications/fastercsv-1.5.5.gemspec
I, [2014-01-15T16:17:08.281210 #7566]  INFO -- : 0:  json (1.8.1) from /Users/zpfled/.rvm/gems/ruby-2.0.0-p353/specifications/json-1.8.1.gemspec
I, [2014-01-15T16:17:08.281710 #7566]  INFO -- : 0:  json_pure (1.8.1) from /Users/zpfled/.rvm/gems/ruby-2.0.0-p353/specifications/json_pure-1.8.1.gemspec
I, [2014-01-15T16:17:08.282212 #7566]  INFO -- : 0:  multi_json (1.8.2) from /Users/zpfled/.rvm/gems/ruby-2.0.0-p353/specifications/multi_json-1.8.2.gemspec
I, [2014-01-15T16:17:08.282702 #7566]  INFO -- : 0:  dm-serializer (1.2.2) from /Users/zpfled/.rvm/gems/ruby-2.0.0-p353/specifications/dm-serializer-1.2.2.gemspec
I, [2014-01-15T16:17:08.283180 #7566]  INFO -- : 0:  dm-timestamps (1.2.0) from /Users/zpfled/.rvm/gems/ruby-2.0.0-p353/specifications/dm-timestamps-1.2.0.gemspec
I, [2014-01-15T16:17:08.283602 #7566]  INFO -- : 0:  dm-transactions (1.2.0) from /Users/zpfled/.rvm/gems/ruby-2.0.0-p353/specifications/dm-transactions-1.2.0.gemspec
I, [2014-01-15T16:17:08.283914 #7566]  INFO -- : 0:  stringex (1.5.1) from /Users/zpfled/.rvm/gems/ruby-2.0.0-p353/specifications/stringex-1.5.1.gemspec
I, [2014-01-15T16:17:08.284276 #7566]  INFO -- : 0:  uuidtools (2.1.4) from /Users/zpfled/.rvm/gems/ruby-2.0.0-p353/specifications/uuidtools-2.1.4.gemspec
I, [2014-01-15T16:17:08.284623 #7566]  INFO -- : 0:  dm-types (1.2.2) from /Users/zpfled/.rvm/gems/ruby-2.0.0-p353/specifications/dm-types-1.2.2.gemspec
I, [2014-01-15T16:17:08.284968 #7566]  INFO -- : 0:  dm-validations (1.2.0) from /Users/zpfled/.rvm/gems/ruby-2.0.0-p353/specifications/dm-validations-1.2.0.gemspec
I, [2014-01-15T16:17:08.285313 #7566]  INFO -- : 0:  data_mapper (1.2.0) from /Users/zpfled/.rvm/gems/ruby-2.0.0-p353/specifications/data_mapper-1.2.0.gemspec
I, [2014-01-15T16:17:08.285658 #7566]  INFO -- : 0:  data_objects (0.10.13) from /Users/zpfled/.rvm/gems/ruby-2.0.0-p353/specifications/data_objects-0.10.13.gemspec
I, [2014-01-15T16:17:08.286001 #7566]  INFO -- : 0:  dm-do-adapter (1.2.0) from /Users/zpfled/.rvm/gems/ruby-2.0.0-p353/specifications/dm-do-adapter-1.2.0.gemspec
I, [2014-01-15T16:17:08.286359 #7566]  INFO -- : 0:  do_postgres (0.10.13) from /Users/zpfled/.rvm/gems/ruby-2.0.0-p353/specifications/do_postgres-0.10.13.gemspec
I, [2014-01-15T16:17:08.286703 #7566]  INFO -- : 0:  dm-postgres-adapter (1.2.0) from /Users/zpfled/.rvm/gems/ruby-2.0.0-p353/specifications/dm-postgres-adapter-1.2.0.gemspec
I, [2014-01-15T16:17:08.287048 #7566]  INFO -- : 0:  pg (0.17.1) from /Users/zpfled/.rvm/gems/ruby-2.0.0-p353/specifications/pg-0.17.1.gemspec
I, [2014-01-15T16:17:08.287388 #7566]  INFO -- : 0:  rack (1.5.2) from /Users/zpfled/.rvm/gems/ruby-2.0.0-p353/specifications/rack-1.5.2.gemspec
I, [2014-01-15T16:17:09.495497 #7566]  INFO -- : 0:  rack-flash3 (1.0.5) from /Users/zpfled/.rvm/gems/ruby-2.0.0-p353/specifications/rack-flash3-1.0.5.gemspec
I, [2014-01-15T16:17:09.496039 #7566]  INFO -- : 0:  shotgun (0.9) from /Users/zpfled/.rvm/gems/ruby-2.0.0-p353/specifications/shotgun-0.9.gemspec
I, [2014-01-15T16:17:09.496414 #7566]  INFO -- : 0:  tilt (1.4.1) from /Users/zpfled/.rvm/gems/ruby-2.0.0-p353/specifications/tilt-1.4.1.gemspec
I, [2014-01-15T16:17:09.496774 #7566]  INFO -- : 0:  sinatra (1.1.0) from /Users/zpfled/.rvm/gems/ruby-2.0.0-p353/specifications/sinatra-1.1.0.gemspec
I, [2014-01-15T16:17:10.557259 #7566]  INFO -- : 0:  warden (1.2.3) from /Users/zpfled/.rvm/gems/ruby-2.0.0-p353/specifications/warden-1.2.3.gemspec
I, [2014-01-15T16:17:10.557739 #7566]  INFO -- : 0:  bundler (1.5.1) from /Users/zpfled/.rvm/gems/ruby-2.0.0-p353@global/specifications/bundler-1.5.1.gemspec
I, [2014-01-15T16:37:31.939559 #10490]  INFO -- : 0:  addressable (2.3.5) from /Users/zpfled/.rvm/gems/ruby-2.0.0-p353/specifications/addressable-2.3.5.gemspec
I, [2014-01-15T16:37:31.939999 #10490]  INFO -- : 0:  bcrypt-ruby (3.1.2) from /Users/zpfled/.rvm/gems/ruby-2.0.0-p353/specifications/bcrypt-ruby-3.1.2.gemspec
I, [2014-01-15T16:37:31.940322 #10490]  INFO -- : 0:  dm-core (1.2.1) from /Users/zpfled/.rvm/gems/ruby-2.0.0-p353/specifications/dm-core-1.2.1.gemspec
I, [2014-01-15T16:37:31.940630 #10490]  INFO -- : 0:  dm-aggregates (1.2.0) from /Users/zpfled/.rvm/gems/ruby-2.0.0-p353/specifications/dm-aggregates-1.2.0.gemspec
I, [2014-01-15T16:37:31.940927 #10490]  INFO -- : 0:  dm-constraints (1.2.0) from /Users/zpfled/.rvm/gems/ruby-2.0.0-p353/specifications/dm-constraints-1.2.0.gemspec
I, [2014-01-15T16:37:31.941223 #10490]  INFO -- : 0:  dm-migrations (1.2.0) from /Users/zpfled/.rvm/gems/ruby-2.0.0-p353/specifications/dm-migrations-1.2.0.gemspec
I, [2014-01-15T16:37:31.941517 #10490]  INFO -- : 0:  fastercsv (1.5.5) from /Users/zpfled/.rvm/gems/ruby-2.0.0-p353/specifications/fastercsv-1.5.5.gemspec
I, [2014-01-15T16:37:31.941818 #10490]  INFO -- : 0:  json (1.8.1) from /Users/zpfled/.rvm/gems/ruby-2.0.0-p353/specifications/json-1.8.1.gemspec
I, [2014-01-15T16:37:31.942107 #10490]  INFO -- : 0:  json_pure (1.8.1) from /Users/zpfled/.rvm/gems/ruby-2.0.0-p353/specifications/json_pure-1.8.1.gemspec
I, [2014-01-15T16:37:31.942390 #10490]  INFO -- : 0:  multi_json (1.8.2) from /Users/zpfled/.rvm/gems/ruby-2.0.0-p353/specifications/multi_json-1.8.2.gemspec
I, [2014-01-15T16:37:31.942677 #10490]  INFO -- : 0:  dm-serializer (1.2.2) from /Users/zpfled/.rvm/gems/ruby-2.0.0-p353/specifications/dm-serializer-1.2.2.gemspec
I, [2014-01-15T16:37:31.942963 #10490]  INFO -- : 0:  dm-timestamps (1.2.0) from /Users/zpfled/.rvm/gems/ruby-2.0.0-p353/specifications/dm-timestamps-1.2.0.gemspec
I, [2014-01-15T16:37:31.943251 #10490]  INFO -- : 0:  dm-transactions (1.2.0) from /Users/zpfled/.rvm/gems/ruby-2.0.0-p353/specifications/dm-transactions-1.2.0.gemspec
I, [2014-01-15T16:37:31.943537 #10490]  INFO -- : 0:  stringex (1.5.1) from /Users/zpfled/.rvm/gems/ruby-2.0.0-p353/specifications/stringex-1.5.1.gemspec
I, [2014-01-15T16:37:31.943820 #10490]  INFO -- : 0:  uuidtools (2.1.4) from /Users/zpfled/.rvm/gems/ruby-2.0.0-p353/specifications/uuidtools-2.1.4.gemspec
I, [2014-01-15T16:37:31.944121 #10490]  INFO -- : 0:  dm-types (1.2.2) from /Users/zpfled/.rvm/gems/ruby-2.0.0-p353/specifications/dm-types-1.2.2.gemspec
I, [2014-01-15T16:37:31.944449 #10490]  INFO -- : 0:  dm-validations (1.2.0) from /Users/zpfled/.rvm/gems/ruby-2.0.0-p353/specifications/dm-validations-1.2.0.gemspec
I, [2014-01-15T16:37:31.944781 #10490]  INFO -- : 0:  data_mapper (1.2.0) from /Users/zpfled/.rvm/gems/ruby-2.0.0-p353/specifications/data_mapper-1.2.0.gemspec
I, [2014-01-15T16:37:31.945068 #10490]  INFO -- : 0:  data_objects (0.10.13) from /Users/zpfled/.rvm/gems/ruby-2.0.0-p353/specifications/data_objects-0.10.13.gemspec
I, [2014-01-15T16:37:31.945351 #10490]  INFO -- : 0:  dm-do-adapter (1.2.0) from /Users/zpfled/.rvm/gems/ruby-2.0.0-p353/specifications/dm-do-adapter-1.2.0.gemspec
I, [2014-01-15T16:37:31.945636 #10490]  INFO -- : 0:  do_postgres (0.10.13) from /Users/zpfled/.rvm/gems/ruby-2.0.0-p353/specifications/do_postgres-0.10.13.gemspec
I, [2014-01-15T16:37:31.945922 #10490]  INFO -- : 0:  dm-postgres-adapter (1.2.0) from /Users/zpfled/.rvm/gems/ruby-2.0.0-p353/specifications/dm-postgres-adapter-1.2.0.gemspec
I, [2014-01-15T16:37:31.946206 #10490]  INFO -- : 0:  pg (0.17.1) from /Users/zpfled/.rvm/gems/ruby-2.0.0-p353/specifications/pg-0.17.1.gemspec
I, [2014-01-15T16:37:31.946487 #10490]  INFO -- : 0:  rack (1.5.2) from /Users/zpfled/.rvm/gems/ruby-2.0.0-p353/specifications/rack-1.5.2.gemspec
I, [2014-01-15T16:37:31.946772 #10490]  INFO -- : 0:  rack-flash3 (1.0.5) from /Users/zpfled/.rvm/gems/ruby-2.0.0-p353/specifications/rack-flash3-1.0.5.gemspec
I, [2014-01-15T16:37:31.947061 #10490]  INFO -- : 0:  shotgun (0.9) from /Users/zpfled/.rvm/gems/ruby-2.0.0-p353/specifications/shotgun-0.9.gemspec
I, [2014-01-15T16:37:31.947344 #10490]  INFO -- : 0:  tilt (1.4.1) from /Users/zpfled/.rvm/gems/ruby-2.0.0-p353/specifications/tilt-1.4.1.gemspec
I, [2014-01-15T16:37:31.947626 #10490]  INFO -- : 0:  sinatra (1.1.0) from /Users/zpfled/.rvm/gems/ruby-2.0.0-p353/specifications/sinatra-1.1.0.gemspec
I, [2014-01-15T16:37:31.947904 #10490]  INFO -- : 0:  warden (1.2.3) from /Users/zpfled/.rvm/gems/ruby-2.0.0-p353/specifications/warden-1.2.3.gemspec
I, [2014-01-15T16:37:31.948175 #10490]  INFO -- : 0:  bundler (1.5.1) from /Users/zpfled/.rvm/gems/ruby-2.0.0-p353@global/specifications/bundler-1.5.1.gemspec
I, [2014-01-15T16:50:55.822300 #10919]  INFO -- : 0:  addressable (2.3.5) from /Users/zpfled/.rvm/gems/ruby-2.0.0-p353/specifications/addressable-2.3.5.gemspec
I, [2014-01-15T16:50:55.823013 #10919]  INFO -- : 0:  bcrypt-ruby (3.1.2) from /Users/zpfled/.rvm/gems/ruby-2.0.0-p353/specifications/bcrypt-ruby-3.1.2.gemspec
I, [2014-01-15T16:50:55.823553 #10919]  INFO -- : 0:  dm-core (1.2.1) from /Users/zpfled/.rvm/gems/ruby-2.0.0-p353/specifications/dm-core-1.2.1.gemspec
I, [2014-01-15T16:50:55.824140 #10919]  INFO -- : 0:  dm-aggregates (1.2.0) from /Users/zpfled/.rvm/gems/ruby-2.0.0-p353/specifications/dm-aggregates-1.2.0.gemspec
I, [2014-01-15T16:50:55.824962 #10919]  INFO -- : 0:  dm-constraints (1.2.0) from /Users/zpfled/.rvm/gems/ruby-2.0.0-p353/specifications/dm-constraints-1.2.0.gemspec
I, [2014-01-15T16:50:55.825495 #10919]  INFO -- : 0:  dm-migrations (1.2.0) from /Users/zpfled/.rvm/gems/ruby-2.0.0-p353/specifications/dm-migrations-1.2.0.gemspec
I, [2014-01-15T16:50:55.825999 #10919]  INFO -- : 0:  fastercsv (1.5.5) from /Users/zpfled/.rvm/gems/ruby-2.0.0-p353/specifications/fastercsv-1.5.5.gemspec
I, [2014-01-15T16:50:55.826519 #10919]  INFO -- : 0:  json (1.8.1) from /Users/zpfled/.rvm/gems/ruby-2.0.0-p353/specifications/json-1.8.1.gemspec
I, [2014-01-15T16:50:55.827110 #10919]  INFO -- : 0:  json_pure (1.8.1) from /Users/zpfled/.rvm/gems/ruby-2.0.0-p353/specifications/json_pure-1.8.1.gemspec
I, [2014-01-15T16:50:55.827545 #10919]  INFO -- : 0:  multi_json (1.8.2) from /Users/zpfled/.rvm/gems/ruby-2.0.0-p353/specifications/multi_json-1.8.2.gemspec
I, [2014-01-15T16:50:55.827965 #10919]  INFO -- : 0:  dm-serializer (1.2.2) from /Users/zpfled/.rvm/gems/ruby-2.0.0-p353/specifications/dm-serializer-1.2.2.gemspec
I, [2014-01-15T16:50:55.828380 #10919]  INFO -- : 0:  dm-timestamps (1.2.0) from /Users/zpfled/.rvm/gems/ruby-2.0.0-p353/specifications/dm-timestamps-1.2.0.gemspec
I, [2014-01-15T16:50:55.828814 #10919]  INFO -- : 0:  dm-transactions (1.2.0) from /Users/zpfled/.rvm/gems/ruby-2.0.0-p353/specifications/dm-transactions-1.2.0.gemspec
I, [2014-01-15T16:50:55.829228 #10919]  INFO -- : 0:  stringex (1.5.1) from /Users/zpfled/.rvm/gems/ruby-2.0.0-p353/specifications/stringex-1.5.1.gemspec
I, [2014-01-15T16:50:55.829639 #10919]  INFO -- : 0:  uuidtools (2.1.4) from /Users/zpfled/.rvm/gems/ruby-2.0.0-p353/specifications/uuidtools-2.1.4.gemspec
I, [2014-01-15T16:50:55.830051 #10919]  INFO -- : 0:  dm-types (1.2.2) from /Users/zpfled/.rvm/gems/ruby-2.0.0-p353/specifications/dm-types-1.2.2.gemspec
I, [2014-01-15T16:50:55.830465 #10919]  INFO -- : 0:  dm-validations (1.2.0) from /Users/zpfled/.rvm/gems/ruby-2.0.0-p353/specifications/dm-validations-1.2.0.gemspec
I, [2014-01-15T16:50:55.830879 #10919]  INFO -- : 0:  data_mapper (1.2.0) from /Users/zpfled/.rvm/gems/ruby-2.0.0-p353/specifications/data_mapper-1.2.0.gemspec
I, [2014-01-15T16:50:55.831294 #10919]  INFO -- : 0:  data_objects (0.10.13) from /Users/zpfled/.rvm/gems/ruby-2.0.0-p353/specifications/data_objects-0.10.13.gemspec
I, [2014-01-15T16:50:55.831710 #10919]  INFO -- : 0:  dm-do-adapter (1.2.0) from /Users/zpfled/.rvm/gems/ruby-2.0.0-p353/specifications/dm-do-adapter-1.2.0.gemspec
I, [2014-01-15T16:50:55.832121 #10919]  INFO -- : 0:  do_postgres (0.10.13) from /Users/zpfled/.rvm/gems/ruby-2.0.0-p353/specifications/do_postgres-0.10.13.gemspec
I, [2014-01-15T16:50:55.832542 #10919]  INFO -- : 0:  dm-postgres-adapter (1.2.0) from /Users/zpfled/.rvm/gems/ruby-2.0.0-p353/specifications/dm-postgres-adapter-1.2.0.gemspec
I, [2014-01-15T16:50:55.832889 #10919]  INFO -- : 0:  pg (0.17.1) from /Users/zpfled/.rvm/gems/ruby-2.0.0-p353/specifications/pg-0.17.1.gemspec
I, [2014-01-15T16:50:55.833235 #10919]  INFO -- : 0:  rack (1.5.2) from /Users/zpfled/.rvm/gems/ruby-2.0.0-p353/specifications/rack-1.5.2.gemspec
I, [2014-01-15T16:50:57.247849 #10919]  INFO -- : 0:  rack-flash3 (1.0.1) from /Users/zpfled/.rvm/gems/ruby-2.0.0-p353/specifications/rack-flash3-1.0.1.gemspec
I, [2014-01-15T16:50:58.123648 #10919]  INFO -- : 0:  rack-protection (1.5.2) from /Users/zpfled/.rvm/gems/ruby-2.0.0-p353/specifications/rack-protection-1.5.2.gemspec
I, [2014-01-15T16:50:58.124073 #10919]  INFO -- : 0:  shotgun (0.9) from /Users/zpfled/.rvm/gems/ruby-2.0.0-p353/specifications/shotgun-0.9.gemspec
I, [2014-01-15T16:50:58.124382 #10919]  INFO -- : 0:  tilt (1.4.1) from /Users/zpfled/.rvm/gems/ruby-2.0.0-p353/specifications/tilt-1.4.1.gemspec
I, [2014-01-15T16:50:59.089372 #10919]  INFO -- : 0:  sinatra (1.3.4) from /Users/zpfled/.rvm/gems/ruby-2.0.0-p353/specifications/sinatra-1.3.4.gemspec
I, [2014-01-15T16:51:01.284393 #10919]  INFO -- : 0:  warden (1.2.1) from /Users/zpfled/.rvm/gems/ruby-2.0.0-p353/specifications/warden-1.2.1.gemspec
I, [2014-01-15T16:51:01.284877 #10919]  INFO -- : 0:  bundler (1.5.1) from /Users/zpfled/.rvm/gems/ruby-2.0.0-p353@global/specifications/bundler-1.5.1.gemspec
I, [2014-01-15T17:06:10.632909 #11590]  INFO -- : 0:  addressable (2.3.5) from /Users/zpfled/.rvm/gems/ruby-2.0.0-p353/specifications/addressable-2.3.5.gemspec
I, [2014-01-15T17:06:10.633420 #11590]  INFO -- : 0:  bcrypt-ruby (3.1.2) from /Users/zpfled/.rvm/gems/ruby-2.0.0-p353/specifications/bcrypt-ruby-3.1.2.gemspec
I, [2014-01-15T17:06:10.633746 #11590]  INFO -- : 0:  dm-core (1.2.1) from /Users/zpfled/.rvm/gems/ruby-2.0.0-p353/specifications/dm-core-1.2.1.gemspec
I, [2014-01-15T17:06:10.634061 #11590]  INFO -- : 0:  dm-aggregates (1.2.0) from /Users/zpfled/.rvm/gems/ruby-2.0.0-p353/specifications/dm-aggregates-1.2.0.gemspec
I, [2014-01-15T17:06:10.634368 #11590]  INFO -- : 0:  dm-constraints (1.2.0) from /Users/zpfled/.rvm/gems/ruby-2.0.0-p353/specifications/dm-constraints-1.2.0.gemspec
I, [2014-01-15T17:06:10.634658 #11590]  INFO -- : 0:  dm-migrations (1.2.0) from /Users/zpfled/.rvm/gems/ruby-2.0.0-p353/specifications/dm-migrations-1.2.0.gemspec
I, [2014-01-15T17:06:10.634963 #11590]  INFO -- : 0:  fastercsv (1.5.5) from /Users/zpfled/.rvm/gems/ruby-2.0.0-p353/specifications/fastercsv-1.5.5.gemspec
I, [2014-01-15T17:06:10.635302 #11590]  INFO -- : 0:  json (1.8.1) from /Users/zpfled/.rvm/gems/ruby-2.0.0-p353/specifications/json-1.8.1.gemspec
I, [2014-01-15T17:06:10.635630 #11590]  INFO -- : 0:  json_pure (1.8.1) from /Users/zpfled/.rvm/gems/ruby-2.0.0-p353/specifications/json_pure-1.8.1.gemspec
I, [2014-01-15T17:06:10.635932 #11590]  INFO -- : 0:  multi_json (1.8.2) from /Users/zpfled/.rvm/gems/ruby-2.0.0-p353/specifications/multi_json-1.8.2.gemspec
I, [2014-01-15T17:06:10.636233 #11590]  INFO -- : 0:  dm-serializer (1.2.2) from /Users/zpfled/.rvm/gems/ruby-2.0.0-p353/specifications/dm-serializer-1.2.2.gemspec
I, [2014-01-15T17:06:10.636520 #11590]  INFO -- : 0:  dm-timestamps (1.2.0) from /Users/zpfled/.rvm/gems/ruby-2.0.0-p353/specifications/dm-timestamps-1.2.0.gemspec
I, [2014-01-15T17:06:10.636824 #11590]  INFO -- : 0:  dm-transactions (1.2.0) from /Users/zpfled/.rvm/gems/ruby-2.0.0-p353/specifications/dm-transactions-1.2.0.gemspec
I, [2014-01-15T17:06:10.637125 #11590]  INFO -- : 0:  stringex (1.5.1) from /Users/zpfled/.rvm/gems/ruby-2.0.0-p353/specifications/stringex-1.5.1.gemspec
I, [2014-01-15T17:06:10.637422 #11590]  INFO -- : 0:  uuidtools (2.1.4) from /Users/zpfled/.rvm/gems/ruby-2.0.0-p353/specifications/uuidtools-2.1.4.gemspec
I, [2014-01-15T17:06:10.637716 #11590]  INFO -- : 0:  dm-types (1.2.2) from /Users/zpfled/.rvm/gems/ruby-2.0.0-p353/specifications/dm-types-1.2.2.gemspec
I, [2014-01-15T17:06:10.637998 #11590]  INFO -- : 0:  dm-validations (1.2.0) from /Users/zpfled/.rvm/gems/ruby-2.0.0-p353/specifications/dm-validations-1.2.0.gemspec
I, [2014-01-15T17:06:10.638295 #11590]  INFO -- : 0:  data_mapper (1.2.0) from /Users/zpfled/.rvm/gems/ruby-2.0.0-p353/specifications/data_mapper-1.2.0.gemspec
I, [2014-01-15T17:06:10.638594 #11590]  INFO -- : 0:  data_objects (0.10.13) from /Users/zpfled/.rvm/gems/ruby-2.0.0-p353/specifications/data_objects-0.10.13.gemspec
I, [2014-01-15T17:06:10.638894 #11590]  INFO -- : 0:  dm-do-adapter (1.2.0) from /Users/zpfled/.rvm/gems/ruby-2.0.0-p353/specifications/dm-do-adapter-1.2.0.gemspec
I, [2014-01-15T17:06:10.639192 #11590]  INFO -- : 0:  do_postgres (0.10.13) from /Users/zpfled/.rvm/gems/ruby-2.0.0-p353/specifications/do_postgres-0.10.13.gemspec
I, [2014-01-15T17:06:10.639492 #11590]  INFO -- : 0:  dm-postgres-adapter (1.2.0) from /Users/zpfled/.rvm/gems/ruby-2.0.0-p353/specifications/dm-postgres-adapter-1.2.0.gemspec
I, [2014-01-15T17:06:10.639774 #11590]  INFO -- : 0:  pg (0.17.1) from /Users/zpfled/.rvm/gems/ruby-2.0.0-p353/specifications/pg-0.17.1.gemspec
I, [2014-01-15T17:06:10.640071 #11590]  INFO -- : 0:  rack (1.5.2) from /Users/zpfled/.rvm/gems/ruby-2.0.0-p353/specifications/rack-1.5.2.gemspec
I, [2014-01-15T17:06:10.640375 #11590]  INFO -- : 0:  rack-flash3 (1.0.1) from /Users/zpfled/.rvm/gems/ruby-2.0.0-p353/specifications/rack-flash3-1.0.1.gemspec
I, [2014-01-15T17:06:10.640670 #11590]  INFO -- : 0:  shotgun (0.9) from /Users/zpfled/.rvm/gems/ruby-2.0.0-p353/specifications/shotgun-0.9.gemspec
I, [2014-01-15T17:06:10.640965 #11590]  INFO -- : 0:  tilt (1.4.1) from /Users/zpfled/.rvm/gems/ruby-2.0.0-p353/specifications/tilt-1.4.1.gemspec
I, [2014-01-15T17:06:10.641268 #11590]  INFO -- : 0:  sinatra (1.1.0) from /Users/zpfled/.rvm/gems/ruby-2.0.0-p353/specifications/sinatra-1.1.0.gemspec
I, [2014-01-15T17:06:10.641559 #11590]  INFO -- : 0:  warden (1.2.1) from /Users/zpfled/.rvm/gems/ruby-2.0.0-p353/specifications/warden-1.2.1.gemspec
I, [2014-01-15T17:06:10.641845 #11590]  INFO -- : 0:  bundler (1.5.1) from /Users/zpfled/.rvm/gems/ruby-2.0.0-p353@global/specifications/bundler-1.5.1.gemspec
I, [2014-01-15T17:09:14.077590 #11788]  INFO -- : 0:  addressable (2.3.5) from /Users/zpfled/.rvm/gems/ruby-2.0.0-p353/specifications/addressable-2.3.5.gemspec
I, [2014-01-15T17:09:14.078015 #11788]  INFO -- : 0:  bcrypt-ruby (3.1.2) from /Users/zpfled/.rvm/gems/ruby-2.0.0-p353/specifications/bcrypt-ruby-3.1.2.gemspec
I, [2014-01-15T17:09:14.078432 #11788]  INFO -- : 0:  dm-core (1.2.1) from /Users/zpfled/.rvm/gems/ruby-2.0.0-p353/specifications/dm-core-1.2.1.gemspec
I, [2014-01-15T17:09:14.078762 #11788]  INFO -- : 0:  dm-aggregates (1.2.0) from /Users/zpfled/.rvm/gems/ruby-2.0.0-p353/specifications/dm-aggregates-1.2.0.gemspec
I, [2014-01-15T17:09:14.079064 #11788]  INFO -- : 0:  dm-constraints (1.2.0) from /Users/zpfled/.rvm/gems/ruby-2.0.0-p353/specifications/dm-constraints-1.2.0.gemspec
I, [2014-01-15T17:09:14.079355 #11788]  INFO -- : 0:  dm-migrations (1.2.0) from /Users/zpfled/.rvm/gems/ruby-2.0.0-p353/specifications/dm-migrations-1.2.0.gemspec
I, [2014-01-15T17:09:14.079647 #11788]  INFO -- : 0:  fastercsv (1.5.5) from /Users/zpfled/.rvm/gems/ruby-2.0.0-p353/specifications/fastercsv-1.5.5.gemspec
I, [2014-01-15T17:09:14.079948 #11788]  INFO -- : 0:  json (1.8.1) from /Users/zpfled/.rvm/gems/ruby-2.0.0-p353/specifications/json-1.8.1.gemspec
I, [2014-01-15T17:09:14.080239 #11788]  INFO -- : 0:  json_pure (1.8.1) from /Users/zpfled/.rvm/gems/ruby-2.0.0-p353/specifications/json_pure-1.8.1.gemspec
I, [2014-01-15T17:09:14.080527 #11788]  INFO -- : 0:  multi_json (1.8.2) from /Users/zpfled/.rvm/gems/ruby-2.0.0-p353/specifications/multi_json-1.8.2.gemspec
I, [2014-01-15T17:09:14.080816 #11788]  INFO -- : 0:  dm-serializer (1.2.2) from /Users/zpfled/.rvm/gems/ruby-2.0.0-p353/specifications/dm-serializer-1.2.2.gemspec
I, [2014-01-15T17:09:14.081105 #11788]  INFO -- : 0:  dm-timestamps (1.2.0) from /Users/zpfled/.rvm/gems/ruby-2.0.0-p353/specifications/dm-timestamps-1.2.0.gemspec
I, [2014-01-15T17:09:14.081391 #11788]  INFO -- : 0:  dm-transactions (1.2.0) from /Users/zpfled/.rvm/gems/ruby-2.0.0-p353/specifications/dm-transactions-1.2.0.gemspec
I, [2014-01-15T17:09:14.081678 #11788]  INFO -- : 0:  stringex (1.5.1) from /Users/zpfled/.rvm/gems/ruby-2.0.0-p353/specifications/stringex-1.5.1.gemspec
I, [2014-01-15T17:09:14.081960 #11788]  INFO -- : 0:  uuidtools (2.1.4) from /Users/zpfled/.rvm/gems/ruby-2.0.0-p353/specifications/uuidtools-2.1.4.gemspec
I, [2014-01-15T17:09:14.082239 #11788]  INFO -- : 0:  dm-types (1.2.2) from /Users/zpfled/.rvm/gems/ruby-2.0.0-p353/specifications/dm-types-1.2.2.gemspec
I, [2014-01-15T17:09:14.082522 #11788]  INFO -- : 0:  dm-validations (1.2.0) from /Users/zpfled/.rvm/gems/ruby-2.0.0-p353/specifications/dm-validations-1.2.0.gemspec
I, [2014-01-15T17:09:14.082808 #11788]  INFO -- : 0:  data_mapper (1.2.0) from /Users/zpfled/.rvm/gems/ruby-2.0.0-p353/specifications/data_mapper-1.2.0.gemspec
I, [2014-01-15T17:09:14.083093 #11788]  INFO -- : 0:  data_objects (0.10.13) from /Users/zpfled/.rvm/gems/ruby-2.0.0-p353/specifications/data_objects-0.10.13.gemspec
I, [2014-01-15T17:09:14.083379 #11788]  INFO -- : 0:  dm-do-adapter (1.2.0) from /Users/zpfled/.rvm/gems/ruby-2.0.0-p353/specifications/dm-do-adapter-1.2.0.gemspec
I, [2014-01-15T17:09:14.083669 #11788]  INFO -- : 0:  do_postgres (0.10.13) from /Users/zpfled/.rvm/gems/ruby-2.0.0-p353/specifications/do_postgres-0.10.13.gemspec
I, [2014-01-15T17:09:14.083956 #11788]  INFO -- : 0:  dm-postgres-adapter (1.2.0) from /Users/zpfled/.rvm/gems/ruby-2.0.0-p353/specifications/dm-postgres-adapter-1.2.0.gemspec
I, [2014-01-15T17:09:14.084240 #11788]  INFO -- : 0:  pg (0.17.1) from /Users/zpfled/.rvm/gems/ruby-2.0.0-p353/specifications/pg-0.17.1.gemspec
I, [2014-01-15T17:09:14.084521 #11788]  INFO -- : 0:  rack (1.5.2) from /Users/zpfled/.rvm/gems/ruby-2.0.0-p353/specifications/rack-1.5.2.gemspec
I, [2014-01-15T17:09:14.084805 #11788]  INFO -- : 0:  rack-flash3 (1.0.1) from /Users/zpfled/.rvm/gems/ruby-2.0.0-p353/specifications/rack-flash3-1.0.1.gemspec
I, [2014-01-15T17:09:14.085087 #11788]  INFO -- : 0:  shotgun (0.9) from /Users/zpfled/.rvm/gems/ruby-2.0.0-p353/specifications/shotgun-0.9.gemspec
I, [2014-01-15T17:09:14.085369 #11788]  INFO -- : 0:  tilt (1.4.1) from /Users/zpfled/.rvm/gems/ruby-2.0.0-p353/specifications/tilt-1.4.1.gemspec
I, [2014-01-15T17:09:14.085658 #11788]  INFO -- : 0:  sinatra (1.1.0) from /Users/zpfled/.rvm/gems/ruby-2.0.0-p353/specifications/sinatra-1.1.0.gemspec
I, [2014-01-15T17:09:14.085947 #11788]  INFO -- : 0:  warden (1.2.1) from /Users/zpfled/.rvm/gems/ruby-2.0.0-p353/specifications/warden-1.2.1.gemspec
I, [2014-01-15T17:09:14.086238 #11788]  INFO -- : 0:  bundler (1.5.1) from /Users/zpfled/.rvm/gems/ruby-2.0.0-p353@global/specifications/bundler-1.5.1.gemspec
I, [2014-01-16T10:24:49.189164 #14047]  INFO -- : 0:  addressable (2.3.5) from /Users/zpfled/.rvm/gems/ruby-2.0.0-p353/specifications/addressable-2.3.5.gemspec
I, [2014-01-16T10:24:49.190229 #14047]  INFO -- : 0:  bcrypt-ruby (3.1.2) from /Users/zpfled/.rvm/gems/ruby-2.0.0-p353/specifications/bcrypt-ruby-3.1.2.gemspec
I, [2014-01-16T10:24:49.190603 #14047]  INFO -- : 0:  dm-core (1.2.1) from /Users/zpfled/.rvm/gems/ruby-2.0.0-p353/specifications/dm-core-1.2.1.gemspec
I, [2014-01-16T10:24:49.190935 #14047]  INFO -- : 0:  dm-aggregates (1.2.0) from /Users/zpfled/.rvm/gems/ruby-2.0.0-p353/specifications/dm-aggregates-1.2.0.gemspec
I, [2014-01-16T10:24:49.191260 #14047]  INFO -- : 0:  dm-constraints (1.2.0) from /Users/zpfled/.rvm/gems/ruby-2.0.0-p353/specifications/dm-constraints-1.2.0.gemspec
I, [2014-01-16T10:24:49.191555 #14047]  INFO -- : 0:  dm-migrations (1.2.0) from /Users/zpfled/.rvm/gems/ruby-2.0.0-p353/specifications/dm-migrations-1.2.0.gemspec
I, [2014-01-16T10:24:49.191874 #14047]  INFO -- : 0:  fastercsv (1.5.5) from /Users/zpfled/.rvm/gems/ruby-2.0.0-p353/specifications/fastercsv-1.5.5.gemspec
I, [2014-01-16T10:24:49.192192 #14047]  INFO -- : 0:  json (1.8.1) from /Users/zpfled/.rvm/gems/ruby-2.0.0-p353/specifications/json-1.8.1.gemspec
I, [2014-01-16T10:24:49.192514 #14047]  INFO -- : 0:  json_pure (1.8.1) from /Users/zpfled/.rvm/gems/ruby-2.0.0-p353/specifications/json_pure-1.8.1.gemspec
I, [2014-01-16T10:24:49.192836 #14047]  INFO -- : 0:  multi_json (1.8.2) from /Users/zpfled/.rvm/gems/ruby-2.0.0-p353/specifications/multi_json-1.8.2.gemspec
I, [2014-01-16T10:24:49.193120 #14047]  INFO -- : 0:  dm-serializer (1.2.2) from /Users/zpfled/.rvm/gems/ruby-2.0.0-p353/specifications/dm-serializer-1.2.2.gemspec
I, [2014-01-16T10:24:49.193436 #14047]  INFO -- : 0:  dm-timestamps (1.2.0) from /Users/zpfled/.rvm/gems/ruby-2.0.0-p353/specifications/dm-timestamps-1.2.0.gemspec
I, [2014-01-16T10:24:49.193751 #14047]  INFO -- : 0:  dm-transactions (1.2.0) from /Users/zpfled/.rvm/gems/ruby-2.0.0-p353/specifications/dm-transactions-1.2.0.gemspec
I, [2014-01-16T10:24:49.194062 #14047]  INFO -- : 0:  stringex (1.5.1) from /Users/zpfled/.rvm/gems/ruby-2.0.0-p353/specifications/stringex-1.5.1.gemspec
I, [2014-01-16T10:24:49.194347 #14047]  INFO -- : 0:  uuidtools (2.1.4) from /Users/zpfled/.rvm/gems/ruby-2.0.0-p353/specifications/uuidtools-2.1.4.gemspec
I, [2014-01-16T10:24:49.194653 #14047]  INFO -- : 0:  dm-types (1.2.2) from /Users/zpfled/.rvm/gems/ruby-2.0.0-p353/specifications/dm-types-1.2.2.gemspec
I, [2014-01-16T10:24:49.194962 #14047]  INFO -- : 0:  dm-validations (1.2.0) from /Users/zpfled/.rvm/gems/ruby-2.0.0-p353/specifications/dm-validations-1.2.0.gemspec
I, [2014-01-16T10:24:49.195270 #14047]  INFO -- : 0:  data_mapper (1.2.0) from /Users/zpfled/.rvm/gems/ruby-2.0.0-p353/specifications/data_mapper-1.2.0.gemspec
I, [2014-01-16T10:24:49.195587 #14047]  INFO -- : 0:  data_objects (0.10.13) from /Users/zpfled/.rvm/gems/ruby-2.0.0-p353/specifications/data_objects-0.10.13.gemspec
I, [2014-01-16T10:24:49.195870 #14047]  INFO -- : 0:  dm-do-adapter (1.2.0) from /Users/zpfled/.rvm/gems/ruby-2.0.0-p353/specifications/dm-do-adapter-1.2.0.gemspec
I, [2014-01-16T10:24:49.196175 #14047]  INFO -- : 0:  do_postgres (0.10.13) from /Users/zpfled/.rvm/gems/ruby-2.0.0-p353/specifications/do_postgres-0.10.13.gemspec
I, [2014-01-16T10:24:49.196492 #14047]  INFO -- : 0:  dm-postgres-adapter (1.2.0) from /Users/zpfled/.rvm/gems/ruby-2.0.0-p353/specifications/dm-postgres-adapter-1.2.0.gemspec
I, [2014-01-16T10:24:49.196803 #14047]  INFO -- : 0:  pg (0.17.1) from /Users/zpfled/.rvm/gems/ruby-2.0.0-p353/specifications/pg-0.17.1.gemspec
I, [2014-01-16T10:24:49.197109 #14047]  INFO -- : 0:  rack (1.5.2) from /Users/zpfled/.rvm/gems/ruby-2.0.0-p353/specifications/rack-1.5.2.gemspec
I, [2014-01-16T10:24:49.197419 #14047]  INFO -- : 0:  rack-flash3 (1.0.1) from /Users/zpfled/.rvm/gems/ruby-2.0.0-p353/specifications/rack-flash3-1.0.1.gemspec
I, [2014-01-16T10:24:49.197732 #14047]  INFO -- : 0:  shotgun (0.9) from /Users/zpfled/.rvm/gems/ruby-2.0.0-p353/specifications/shotgun-0.9.gemspec
I, [2014-01-16T10:24:49.198064 #14047]  INFO -- : 0:  tilt (1.4.1) from /Users/zpfled/.rvm/gems/ruby-2.0.0-p353/specifications/tilt-1.4.1.gemspec
I, [2014-01-16T10:24:49.198387 #14047]  INFO -- : 0:  sinatra (1.1.0) from /Users/zpfled/.rvm/gems/ruby-2.0.0-p353/specifications/sinatra-1.1.0.gemspec
I, [2014-01-16T10:24:49.198709 #14047]  INFO -- : 0:  warden (1.2.1) from /Users/zpfled/.rvm/gems/ruby-2.0.0-p353/specifications/warden-1.2.1.gemspec
I, [2014-01-16T10:24:49.198985 #14047]  INFO -- : 0:  bundler (1.5.1) from /Users/zpfled/.rvm/gems/ruby-2.0.0-p353@global/specifications/bundler-1.5.1.gemspec
I, [2014-01-16T14:00:11.412147 #20638]  INFO -- : 0:  addressable (2.3.5) from /Users/zpfled/.rvm/gems/ruby-2.0.0-p353/specifications/addressable-2.3.5.gemspec
I, [2014-01-16T14:00:11.412652 #20638]  INFO -- : 0:  bcrypt-ruby (3.1.2) from /Users/zpfled/.rvm/gems/ruby-2.0.0-p353/specifications/bcrypt-ruby-3.1.2.gemspec
I, [2014-01-16T14:00:11.413078 #20638]  INFO -- : 0:  dm-core (1.2.1) from /Users/zpfled/.rvm/gems/ruby-2.0.0-p353/specifications/dm-core-1.2.1.gemspec
I, [2014-01-16T14:00:11.413458 #20638]  INFO -- : 0:  dm-aggregates (1.2.0) from /Users/zpfled/.rvm/gems/ruby-2.0.0-p353/specifications/dm-aggregates-1.2.0.gemspec
I, [2014-01-16T14:00:11.413834 #20638]  INFO -- : 0:  dm-constraints (1.2.0) from /Users/zpfled/.rvm/gems/ruby-2.0.0-p353/specifications/dm-constraints-1.2.0.gemspec
I, [2014-01-16T14:00:11.414189 #20638]  INFO -- : 0:  dm-migrations (1.2.0) from /Users/zpfled/.rvm/gems/ruby-2.0.0-p353/specifications/dm-migrations-1.2.0.gemspec
I, [2014-01-16T14:00:11.414563 #20638]  INFO -- : 0:  fastercsv (1.5.5) from /Users/zpfled/.rvm/gems/ruby-2.0.0-p353/specifications/fastercsv-1.5.5.gemspec
I, [2014-01-16T14:00:11.414929 #20638]  INFO -- : 0:  json (1.8.1) from /Users/zpfled/.rvm/gems/ruby-2.0.0-p353/specifications/json-1.8.1.gemspec
I, [2014-01-16T14:00:11.415316 #20638]  INFO -- : 0:  json_pure (1.8.1) from /Users/zpfled/.rvm/gems/ruby-2.0.0-p353/specifications/json_pure-1.8.1.gemspec
I, [2014-01-16T14:00:11.415706 #20638]  INFO -- : 0:  multi_json (1.8.2) from /Users/zpfled/.rvm/gems/ruby-2.0.0-p353/specifications/multi_json-1.8.2.gemspec
I, [2014-01-16T14:00:11.416067 #20638]  INFO -- : 0:  dm-serializer (1.2.2) from /Users/zpfled/.rvm/gems/ruby-2.0.0-p353/specifications/dm-serializer-1.2.2.gemspec
I, [2014-01-16T14:00:11.416449 #20638]  INFO -- : 0:  dm-timestamps (1.2.0) from /Users/zpfled/.rvm/gems/ruby-2.0.0-p353/specifications/dm-timestamps-1.2.0.gemspec
I, [2014-01-16T14:00:11.416857 #20638]  INFO -- : 0:  dm-transactions (1.2.0) from /Users/zpfled/.rvm/gems/ruby-2.0.0-p353/specifications/dm-transactions-1.2.0.gemspec
I, [2014-01-16T14:00:11.417253 #20638]  INFO -- : 0:  stringex (1.5.1) from /Users/zpfled/.rvm/gems/ruby-2.0.0-p353/specifications/stringex-1.5.1.gemspec
I, [2014-01-16T14:00:11.417620 #20638]  INFO -- : 0:  uuidtools (2.1.4) from /Users/zpfled/.rvm/gems/ruby-2.0.0-p353/specifications/uuidtools-2.1.4.gemspec
I, [2014-01-16T14:00:11.417993 #20638]  INFO -- : 0:  dm-types (1.2.2) from /Users/zpfled/.rvm/gems/ruby-2.0.0-p353/specifications/dm-types-1.2.2.gemspec
I, [2014-01-16T14:00:11.418365 #20638]  INFO -- : 0:  dm-validations (1.2.0) from /Users/zpfled/.rvm/gems/ruby-2.0.0-p353/specifications/dm-validations-1.2.0.gemspec
I, [2014-01-16T14:00:11.418751 #20638]  INFO -- : 0:  data_mapper (1.2.0) from /Users/zpfled/.rvm/gems/ruby-2.0.0-p353/specifications/data_mapper-1.2.0.gemspec
I, [2014-01-16T14:00:11.419127 #20638]  INFO -- : 0:  data_objects (0.10.13) from /Users/zpfled/.rvm/gems/ruby-2.0.0-p353/specifications/data_objects-0.10.13.gemspec
I, [2014-01-16T14:00:11.419475 #20638]  INFO -- : 0:  dm-do-adapter (1.2.0) from /Users/zpfled/.rvm/gems/ruby-2.0.0-p353/specifications/dm-do-adapter-1.2.0.gemspec
I, [2014-01-16T14:00:11.419860 #20638]  INFO -- : 0:  do_postgres (0.10.13) from /Users/zpfled/.rvm/gems/ruby-2.0.0-p353/specifications/do_postgres-0.10.13.gemspec
I, [2014-01-16T14:00:11.420218 #20638]  INFO -- : 0:  dm-postgres-adapter (1.2.0) from /Users/zpfled/.rvm/gems/ruby-2.0.0-p353/specifications/dm-postgres-adapter-1.2.0.gemspec
I, [2014-01-16T14:00:11.420589 #20638]  INFO -- : 0:  pg (0.17.1) from /Users/zpfled/.rvm/gems/ruby-2.0.0-p353/specifications/pg-0.17.1.gemspec
I, [2014-01-16T14:00:11.420953 #20638]  INFO -- : 0:  rack (1.5.2) from /Users/zpfled/.rvm/gems/ruby-2.0.0-p353/specifications/rack-1.5.2.gemspec
I, [2014-01-16T14:00:11.421306 #20638]  INFO -- : 0:  rack-flash3 (1.0.1) from /Users/zpfled/.rvm/gems/ruby-2.0.0-p353/specifications/rack-flash3-1.0.1.gemspec
I, [2014-01-16T14:00:11.421689 #20638]  INFO -- : 0:  shotgun (0.9) from /Users/zpfled/.rvm/gems/ruby-2.0.0-p353/specifications/shotgun-0.9.gemspec
I, [2014-01-16T14:00:11.422068 #20638]  INFO -- : 0:  tilt (1.4.1) from /Users/zpfled/.rvm/gems/ruby-2.0.0-p353/specifications/tilt-1.4.1.gemspec
I, [2014-01-16T14:00:11.422462 #20638]  INFO -- : 0:  sinatra (1.1.0) from /Users/zpfled/.rvm/gems/ruby-2.0.0-p353/specifications/sinatra-1.1.0.gemspec
I, [2014-01-16T14:00:11.422848 #20638]  INFO -- : 0:  warden (1.2.1) from /Users/zpfled/.rvm/gems/ruby-2.0.0-p353/specifications/warden-1.2.1.gemspec
I, [2014-01-16T14:00:11.423189 #20638]  INFO -- : 0:  bundler (1.5.1) from /Users/zpfled/.rvm/gems/ruby-2.0.0-p353@global/specifications/bundler-1.5.1.gemspec
I, [2014-01-16T15:23:03.833191 #23258]  INFO -- : 0:  addressable (2.3.5) from /Users/zpfled/.rvm/gems/ruby-2.0.0-p353/specifications/addressable-2.3.5.gemspec
I, [2014-01-16T15:23:03.833682 #23258]  INFO -- : 0:  bcrypt-ruby (3.1.2) from /Users/zpfled/.rvm/gems/ruby-2.0.0-p353/specifications/bcrypt-ruby-3.1.2.gemspec
I, [2014-01-16T15:23:03.834028 #23258]  INFO -- : 0:  dm-core (1.2.1) from /Users/zpfled/.rvm/gems/ruby-2.0.0-p353/specifications/dm-core-1.2.1.gemspec
I, [2014-01-16T15:23:03.834343 #23258]  INFO -- : 0:  dm-aggregates (1.2.0) from /Users/zpfled/.rvm/gems/ruby-2.0.0-p353/specifications/dm-aggregates-1.2.0.gemspec
I, [2014-01-16T15:23:03.834636 #23258]  INFO -- : 0:  dm-constraints (1.2.0) from /Users/zpfled/.rvm/gems/ruby-2.0.0-p353/specifications/dm-constraints-1.2.0.gemspec
I, [2014-01-16T15:23:03.834947 #23258]  INFO -- : 0:  dm-migrations (1.2.0) from /Users/zpfled/.rvm/gems/ruby-2.0.0-p353/specifications/dm-migrations-1.2.0.gemspec
I, [2014-01-16T15:23:03.835258 #23258]  INFO -- : 0:  fastercsv (1.5.5) from /Users/zpfled/.rvm/gems/ruby-2.0.0-p353/specifications/fastercsv-1.5.5.gemspec
I, [2014-01-16T15:23:03.835567 #23258]  INFO -- : 0:  json (1.8.1) from /Users/zpfled/.rvm/gems/ruby-2.0.0-p353/specifications/json-1.8.1.gemspec
I, [2014-01-16T15:23:03.835876 #23258]  INFO -- : 0:  json_pure (1.8.1) from /Users/zpfled/.rvm/gems/ruby-2.0.0-p353/specifications/json_pure-1.8.1.gemspec
I, [2014-01-16T15:23:03.836189 #23258]  INFO -- : 0:  multi_json (1.8.2) from /Users/zpfled/.rvm/gems/ruby-2.0.0-p353/specifications/multi_json-1.8.2.gemspec
I, [2014-01-16T15:23:03.836491 #23258]  INFO -- : 0:  dm-serializer (1.2.2) from /Users/zpfled/.rvm/gems/ruby-2.0.0-p353/specifications/dm-serializer-1.2.2.gemspec
I, [2014-01-16T15:23:03.836769 #23258]  INFO -- : 0:  dm-timestamps (1.2.0) from /Users/zpfled/.rvm/gems/ruby-2.0.0-p353/specifications/dm-timestamps-1.2.0.gemspec
I, [2014-01-16T15:23:03.837073 #23258]  INFO -- : 0:  dm-transactions (1.2.0) from /Users/zpfled/.rvm/gems/ruby-2.0.0-p353/specifications/dm-transactions-1.2.0.gemspec
I, [2014-01-16T15:23:03.837372 #23258]  INFO -- : 0:  stringex (1.5.1) from /Users/zpfled/.rvm/gems/ruby-2.0.0-p353/specifications/stringex-1.5.1.gemspec
I, [2014-01-16T15:23:03.837686 #23258]  INFO -- : 0:  uuidtools (2.1.4) from /Users/zpfled/.rvm/gems/ruby-2.0.0-p353/specifications/uuidtools-2.1.4.gemspec
I, [2014-01-16T15:23:03.838216 #23258]  INFO -- : 0:  dm-types (1.2.2) from /Users/zpfled/.rvm/gems/ruby-2.0.0-p353/specifications/dm-types-1.2.2.gemspec
I, [2014-01-16T15:23:03.839266 #23258]  INFO -- : 0:  dm-validations (1.2.0) from /Users/zpfled/.rvm/gems/ruby-2.0.0-p353/specifications/dm-validations-1.2.0.gemspec
I, [2014-01-16T15:23:03.839999 #23258]  INFO -- : 0:  data_mapper (1.2.0) from /Users/zpfled/.rvm/gems/ruby-2.0.0-p353/specifications/data_mapper-1.2.0.gemspec
I, [2014-01-16T15:23:03.840545 #23258]  INFO -- : 0:  data_objects (0.10.13) from /Users/zpfled/.rvm/gems/ruby-2.0.0-p353/specifications/data_objects-0.10.13.gemspec
I, [2014-01-16T15:23:03.841075 #23258]  INFO -- : 0:  dm-do-adapter (1.2.0) from /Users/zpfled/.rvm/gems/ruby-2.0.0-p353/specifications/dm-do-adapter-1.2.0.gemspec
I, [2014-01-16T15:23:03.841591 #23258]  INFO -- : 0:  do_postgres (0.10.13) from /Users/zpfled/.rvm/gems/ruby-2.0.0-p353/specifications/do_postgres-0.10.13.gemspec
I, [2014-01-16T15:23:03.842109 #23258]  INFO -- : 0:  dm-postgres-adapter (1.2.0) from /Users/zpfled/.rvm/gems/ruby-2.0.0-p353/specifications/dm-postgres-adapter-1.2.0.gemspec
I, [2014-01-16T15:23:03.842633 #23258]  INFO -- : 0:  pg (0.17.1) from /Users/zpfled/.rvm/gems/ruby-2.0.0-p353/specifications/pg-0.17.1.gemspec
I, [2014-01-16T15:23:03.843151 #23258]  INFO -- : 0:  rack (1.5.2) from /Users/zpfled/.rvm/gems/ruby-2.0.0-p353/specifications/rack-1.5.2.gemspec
I, [2014-01-16T15:23:03.843692 #23258]  INFO -- : 0:  rack-flash3 (1.0.1) from /Users/zpfled/.rvm/gems/ruby-2.0.0-p353/specifications/rack-flash3-1.0.1.gemspec
I, [2014-01-16T15:23:03.844240 #23258]  INFO -- : 0:  rack-protection (1.5.2) from /Users/zpfled/.rvm/gems/ruby-2.0.0-p353/specifications/rack-protection-1.5.2.gemspec
I, [2014-01-16T15:23:03.844722 #23258]  INFO -- : 0:  shotgun (0.9) from /Users/zpfled/.rvm/gems/ruby-2.0.0-p353/specifications/shotgun-0.9.gemspec
I, [2014-01-16T15:23:03.845310 #23258]  INFO -- : 0:  tilt (1.4.1) from /Users/zpfled/.rvm/gems/ruby-2.0.0-p353/specifications/tilt-1.4.1.gemspec
I, [2014-01-16T15:23:03.845910 #23258]  INFO -- : 0:  sinatra (1.3.4) from /Users/zpfled/.rvm/gems/ruby-2.0.0-p353/specifications/sinatra-1.3.4.gemspec
I, [2014-01-16T15:23:03.846499 #23258]  INFO -- : 0:  warden (1.2.1) from /Users/zpfled/.rvm/gems/ruby-2.0.0-p353/specifications/warden-1.2.1.gemspec
I, [2014-01-16T15:23:03.847041 #23258]  INFO -- : 0:  bundler (1.5.1) from /Users/zpfled/.rvm/gems/ruby-2.0.0-p353@global/specifications/bundler-1.5.1.gemspec
