# Logfile created on 2014-02-05 15:01:28 -0600 by logger.rb/41954
I, [2014-02-05T15:01:28.878926 #6824]  INFO -- : 0:  addressable (2.3.5) from /Users/zpfled/.rvm/gems/ruby-2.0.0-p353/specifications/addressable-2.3.5.gemspec
I, [2014-02-05T15:01:28.879419 #6824]  INFO -- : 0:  bcrypt-ruby (3.1.2) from /Users/zpfled/.rvm/gems/ruby-2.0.0-p353/specifications/bcrypt-ruby-3.1.2.gemspec
I, [2014-02-05T15:01:28.879733 #6824]  INFO -- : 0:  dm-core (1.2.1) from /Users/zpfled/.rvm/gems/ruby-2.0.0-p353/specifications/dm-core-1.2.1.gemspec
I, [2014-02-05T15:01:28.880025 #6824]  INFO -- : 0:  dm-aggregates (1.2.0) from /Users/zpfled/.rvm/gems/ruby-2.0.0-p353/specifications/dm-aggregates-1.2.0.gemspec
I, [2014-02-05T15:01:28.880311 #6824]  INFO -- : 0:  dm-constraints (1.2.0) from /Users/zpfled/.rvm/gems/ruby-2.0.0-p353/specifications/dm-constraints-1.2.0.gemspec
I, [2014-02-05T15:01:28.880593 #6824]  INFO -- : 0:  dm-migrations (1.2.0) from /Users/zpfled/.rvm/gems/ruby-2.0.0-p353/specifications/dm-migrations-1.2.0.gemspec
I, [2014-02-05T15:01:28.880877 #6824]  INFO -- : 0:  fastercsv (1.5.5) from /Users/zpfled/.rvm/gems/ruby-2.0.0-p353/specifications/fastercsv-1.5.5.gemspec
I, [2014-02-05T15:01:28.881163 #6824]  INFO -- : 0:  json (1.8.1) from /Users/zpfled/.rvm/gems/ruby-2.0.0-p353/specifications/json-1.8.1.gemspec
I, [2014-02-05T15:01:28.881449 #6824]  INFO -- : 0:  json_pure (1.8.1) from /Users/zpfled/.rvm/gems/ruby-2.0.0-p353/specifications/json_pure-1.8.1.gemspec
I, [2014-02-05T15:01:30.500644 #6824]  INFO -- : 0:  multi_json (1.8.4) from /Users/zpfled/.rvm/gems/ruby-2.0.0-p353/specifications/multi_json-1.8.4.gemspec
I, [2014-02-05T15:01:30.501235 #6824]  INFO -- : 0:  dm-serializer (1.2.2) from /Users/zpfled/.rvm/gems/ruby-2.0.0-p353/specifications/dm-serializer-1.2.2.gemspec
I, [2014-02-05T15:01:30.501653 #6824]  INFO -- : 0:  dm-timestamps (1.2.0) from /Users/zpfled/.rvm/gems/ruby-2.0.0-p353/specifications/dm-timestamps-1.2.0.gemspec
I, [2014-02-05T15:01:30.502056 #6824]  INFO -- : 0:  dm-transactions (1.2.0) from /Users/zpfled/.rvm/gems/ruby-2.0.0-p353/specifications/dm-transactions-1.2.0.gemspec
I, [2014-02-05T15:01:30.502465 #6824]  INFO -- : 0:  stringex (1.5.1) from /Users/zpfled/.rvm/gems/ruby-2.0.0-p353/specifications/stringex-1.5.1.gemspec
I, [2014-02-05T15:01:30.503024 #6824]  INFO -- : 0:  uuidtools (2.1.4) from /Users/zpfled/.rvm/gems/ruby-2.0.0-p353/specifications/uuidtools-2.1.4.gemspec
I, [2014-02-05T15:01:30.503393 #6824]  INFO -- : 0:  dm-types (1.2.2) from /Users/zpfled/.rvm/gems/ruby-2.0.0-p353/specifications/dm-types-1.2.2.gemspec
I, [2014-02-05T15:01:30.503739 #6824]  INFO -- : 0:  dm-validations (1.2.0) from /Users/zpfled/.rvm/gems/ruby-2.0.0-p353/specifications/dm-validations-1.2.0.gemspec
I, [2014-02-05T15:01:30.504067 #6824]  INFO -- : 0:  data_mapper (1.2.0) from /Users/zpfled/.rvm/gems/ruby-2.0.0-p353/specifications/data_mapper-1.2.0.gemspec
I, [2014-02-05T15:01:30.504393 #6824]  INFO -- : 0:  data_objects (0.10.13) from /Users/zpfled/.rvm/gems/ruby-2.0.0-p353/specifications/data_objects-0.10.13.gemspec
I, [2014-02-05T15:01:30.504713 #6824]  INFO -- : 0:  dm-do-adapter (1.2.0) from /Users/zpfled/.rvm/gems/ruby-2.0.0-p353/specifications/dm-do-adapter-1.2.0.gemspec
I, [2014-02-05T15:01:30.505030 #6824]  INFO -- : 0:  do_postgres (0.10.13) from /Users/zpfled/.rvm/gems/ruby-2.0.0-p353/specifications/do_postgres-0.10.13.gemspec
I, [2014-02-05T15:01:30.505346 #6824]  INFO -- : 0:  dm-postgres-adapter (1.2.0) from /Users/zpfled/.rvm/gems/ruby-2.0.0-p353/specifications/dm-postgres-adapter-1.2.0.gemspec
I, [2014-02-05T15:01:30.505655 #6824]  INFO -- : 0:  pg (0.17.1) from /Users/zpfled/.rvm/gems/ruby-2.0.0-p353/specifications/pg-0.17.1.gemspec
I, [2014-02-05T15:01:30.505963 #6824]  INFO -- : 0:  rack (1.5.2) from /Users/zpfled/.rvm/gems/ruby-2.0.0-p353/specifications/rack-1.5.2.gemspec
I, [2014-02-05T15:01:30.506276 #6824]  INFO -- : 0:  rack-protection (1.5.2) from /Users/zpfled/.rvm/gems/ruby-2.0.0-p353/specifications/rack-protection-1.5.2.gemspec
I, [2014-02-05T15:01:30.506584 #6824]  INFO -- : 0:  shotgun (0.9) from /Users/zpfled/.rvm/gems/ruby-2.0.0-p353/specifications/shotgun-0.9.gemspec
I, [2014-02-05T15:01:30.506927 #6824]  INFO -- : 0:  tilt (1.4.1) from /Users/zpfled/.rvm/gems/ruby-2.0.0-p353/specifications/tilt-1.4.1.gemspec
I, [2014-02-05T15:01:30.507243 #6824]  INFO -- : 0:  sinatra (1.3.4) from /Users/zpfled/.rvm/gems/ruby-2.0.0-p353/specifications/sinatra-1.3.4.gemspec
I, [2014-02-05T15:01:30.507537 #6824]  INFO -- : 0:  bundler (1.5.1) from /Users/zpfled/.rvm/gems/ruby-2.0.0-p353@global/specifications/bundler-1.5.1.gemspec
I, [2014-02-12T09:39:28.011140 #53819]  INFO -- : 0:  addressable (2.3.5) from /Users/zpfled/.rvm/gems/ruby-2.0.0-p353/specifications/addressable-2.3.5.gemspec
I, [2014-02-12T09:39:28.012105 #53819]  INFO -- : 0:  bcrypt-ruby (3.1.2) from /Users/zpfled/.rvm/gems/ruby-2.0.0-p353/specifications/bcrypt-ruby-3.1.2.gemspec
I, [2014-02-12T09:39:29.331989 #53819]  INFO -- : 0:  coderay (1.0.9) from /Users/zpfled/.rvm/gems/ruby-2.0.0-p353/specifications/coderay-1.0.9.gemspec
I, [2014-02-12T09:39:29.332494 #53819]  INFO -- : 0:  dm-core (1.2.1) from /Users/zpfled/.rvm/gems/ruby-2.0.0-p353/specifications/dm-core-1.2.1.gemspec
I, [2014-02-12T09:39:29.332832 #53819]  INFO -- : 0:  dm-aggregates (1.2.0) from /Users/zpfled/.rvm/gems/ruby-2.0.0-p353/specifications/dm-aggregates-1.2.0.gemspec
I, [2014-02-12T09:39:29.333157 #53819]  INFO -- : 0:  dm-constraints (1.2.0) from /Users/zpfled/.rvm/gems/ruby-2.0.0-p353/specifications/dm-constraints-1.2.0.gemspec
I, [2014-02-12T09:39:29.333479 #53819]  INFO -- : 0:  dm-migrations (1.2.0) from /Users/zpfled/.rvm/gems/ruby-2.0.0-p353/specifications/dm-migrations-1.2.0.gemspec
I, [2014-02-12T09:39:29.333796 #53819]  INFO -- : 0:  fastercsv (1.5.5) from /Users/zpfled/.rvm/gems/ruby-2.0.0-p353/specifications/fastercsv-1.5.5.gemspec
I, [2014-02-12T09:39:29.334115 #53819]  INFO -- : 0:  json (1.8.1) from /Users/zpfled/.rvm/gems/ruby-2.0.0-p353/specifications/json-1.8.1.gemspec
I, [2014-02-12T09:39:29.334432 #53819]  INFO -- : 0:  json_pure (1.8.1) from /Users/zpfled/.rvm/gems/ruby-2.0.0-p353/specifications/json_pure-1.8.1.gemspec
I, [2014-02-12T09:39:29.334757 #53819]  INFO -- : 0:  multi_json (1.8.4) from /Users/zpfled/.rvm/gems/ruby-2.0.0-p353/specifications/multi_json-1.8.4.gemspec
I, [2014-02-12T09:39:29.335071 #53819]  INFO -- : 0:  dm-serializer (1.2.2) from /Users/zpfled/.rvm/gems/ruby-2.0.0-p353/specifications/dm-serializer-1.2.2.gemspec
I, [2014-02-12T09:39:29.335387 #53819]  INFO -- : 0:  dm-timestamps (1.2.0) from /Users/zpfled/.rvm/gems/ruby-2.0.0-p353/specifications/dm-timestamps-1.2.0.gemspec
I, [2014-02-12T09:39:29.335674 #53819]  INFO -- : 0:  dm-transactions (1.2.0) from /Users/zpfled/.rvm/gems/ruby-2.0.0-p353/specifications/dm-transactions-1.2.0.gemspec
I, [2014-02-12T09:39:29.335961 #53819]  INFO -- : 0:  stringex (1.5.1) from /Users/zpfled/.rvm/gems/ruby-2.0.0-p353/specifications/stringex-1.5.1.gemspec
I, [2014-02-12T09:39:29.336249 #53819]  INFO -- : 0:  uuidtools (2.1.4) from /Users/zpfled/.rvm/gems/ruby-2.0.0-p353/specifications/uuidtools-2.1.4.gemspec
I, [2014-02-12T09:39:29.336531 #53819]  INFO -- : 0:  dm-types (1.2.2) from /Users/zpfled/.rvm/gems/ruby-2.0.0-p353/specifications/dm-types-1.2.2.gemspec
I, [2014-02-12T09:39:29.336815 #53819]  INFO -- : 0:  dm-validations (1.2.0) from /Users/zpfled/.rvm/gems/ruby-2.0.0-p353/specifications/dm-validations-1.2.0.gemspec
I, [2014-02-12T09:39:29.337100 #53819]  INFO -- : 0:  data_mapper (1.2.0) from /Users/zpfled/.rvm/gems/ruby-2.0.0-p353/specifications/data_mapper-1.2.0.gemspec
I, [2014-02-12T09:39:29.337391 #53819]  INFO -- : 0:  data_objects (0.10.13) from /Users/zpfled/.rvm/gems/ruby-2.0.0-p353/specifications/data_objects-0.10.13.gemspec
I, [2014-02-12T09:39:29.337673 #53819]  INFO -- : 0:  dm-do-adapter (1.2.0) from /Users/zpfled/.rvm/gems/ruby-2.0.0-p353/specifications/dm-do-adapter-1.2.0.gemspec
I, [2014-02-12T09:39:29.337959 #53819]  INFO -- : 0:  do_postgres (0.10.13) from /Users/zpfled/.rvm/gems/ruby-2.0.0-p353/specifications/do_postgres-0.10.13.gemspec
I, [2014-02-12T09:39:29.338246 #53819]  INFO -- : 0:  dm-postgres-adapter (1.2.0) from /Users/zpfled/.rvm/gems/ruby-2.0.0-p353/specifications/dm-postgres-adapter-1.2.0.gemspec
I, [2014-02-12T09:39:41.775871 #53819]  INFO -- : 0:  eventmachine (1.0.3) from /Users/zpfled/.rvm/gems/ruby-2.0.0-p353/specifications/eventmachine-1.0.3.gemspec
I, [2014-02-12T09:39:43.389042 #53819]  INFO -- : 0:  http_parser.rb (0.5.3) from /Users/zpfled/.rvm/gems/ruby-2.0.0-p353/specifications/http_parser.rb-0.5.3.gemspec
I, [2014-02-12T09:39:44.037619 #53819]  INFO -- : 0:  em-websocket (0.5.0) from /Users/zpfled/.rvm/gems/ruby-2.0.0-p353/specifications/em-websocket-0.5.0.gemspec
I, [2014-02-12T09:40:00.954969 #53819]  INFO -- : 0:  ffi (1.9.0) from /Users/zpfled/.rvm/gems/ruby-2.0.0-p353/specifications/ffi-1.9.0.gemspec
I, [2014-02-12T09:40:01.554233 #53819]  INFO -- : 0:  formatador (0.2.4) from /Users/zpfled/.rvm/gems/ruby-2.0.0-p353/specifications/formatador-0.2.4.gemspec
I, [2014-02-12T09:40:02.297588 #53819]  INFO -- : 0:  rb-fsevent (0.9.3) from /Users/zpfled/.rvm/gems/ruby-2.0.0-p353/specifications/rb-fsevent-0.9.3.gemspec
I, [2014-02-12T09:40:03.380436 #53819]  INFO -- : 0:  rb-inotify (0.9.1) from /Users/zpfled/.rvm/gems/ruby-2.0.0-p353/specifications/rb-inotify-0.9.1.gemspec
I, [2014-02-12T09:40:04.113847 #53819]  INFO -- : 0:  rb-kqueue (0.2.0) from /Users/zpfled/.rvm/gems/ruby-2.0.0-p353/specifications/rb-kqueue-0.2.0.gemspec
I, [2014-02-12T09:40:05.359462 #53819]  INFO -- : 0:  listen (1.2.3) from /Users/zpfled/.rvm/gems/ruby-2.0.0-p353/specifications/listen-1.2.3.gemspec
I, [2014-02-12T09:40:06.598859 #53819]  INFO -- : 0:  lumberjack (1.0.4) from /Users/zpfled/.rvm/gems/ruby-2.0.0-p353/specifications/lumberjack-1.0.4.gemspec
I, [2014-02-12T09:40:07.300041 #53819]  INFO -- : 0:  method_source (0.8.1) from /Users/zpfled/.rvm/gems/ruby-2.0.0-p353/specifications/method_source-0.8.1.gemspec
I, [2014-02-12T09:40:08.462255 #53819]  INFO -- : 0:  slop (3.4.5) from /Users/zpfled/.rvm/gems/ruby-2.0.0-p353/specifications/slop-3.4.5.gemspec
I, [2014-02-12T09:40:10.001018 #53819]  INFO -- : 0:  pry (0.9.12.2) from /Users/zpfled/.rvm/gems/ruby-2.0.0-p353/specifications/pry-0.9.12.2.gemspec
I, [2014-02-12T09:40:10.679325 #53819]  INFO -- : 0:  thor (0.18.1) from /Users/zpfled/.rvm/gems/ruby-2.0.0-p353/specifications/thor-0.18.1.gemspec
I, [2014-02-12T09:40:11.492045 #53819]  INFO -- : 0:  guard (1.8.1) from /Users/zpfled/.rvm/gems/ruby-2.0.0-p353/specifications/guard-1.8.1.gemspec
I, [2014-02-12T09:40:12.626224 #53819]  INFO -- : 0:  guard-livereload (1.4.0) from /Users/zpfled/.rvm/gems/ruby-2.0.0-p353/specifications/guard-livereload-1.4.0.gemspec
I, [2014-02-12T09:40:12.626648 #53819]  INFO -- : 0:  pg (0.17.1) from /Users/zpfled/.rvm/gems/ruby-2.0.0-p353/specifications/pg-0.17.1.gemspec
I, [2014-02-12T09:40:12.626954 #53819]  INFO -- : 0:  rack (1.5.2) from /Users/zpfled/.rvm/gems/ruby-2.0.0-p353/specifications/rack-1.5.2.gemspec
I, [2014-02-12T09:40:12.627264 #53819]  INFO -- : 0:  rack-protection (1.5.2) from /Users/zpfled/.rvm/gems/ruby-2.0.0-p353/specifications/rack-protection-1.5.2.gemspec
I, [2014-02-12T09:40:12.627559 #53819]  INFO -- : 0:  shotgun (0.9) from /Users/zpfled/.rvm/gems/ruby-2.0.0-p353/specifications/shotgun-0.9.gemspec
I, [2014-02-12T09:40:12.627857 #53819]  INFO -- : 0:  tilt (1.4.1) from /Users/zpfled/.rvm/gems/ruby-2.0.0-p353/specifications/tilt-1.4.1.gemspec
I, [2014-02-12T09:40:13.546904 #53819]  INFO -- : 0:  sinatra (1.4.4) from /Users/zpfled/.rvm/gems/ruby-2.0.0-p353/specifications/sinatra-1.4.4.gemspec
I, [2014-02-12T09:40:13.547414 #53819]  INFO -- : 0:  bundler (1.5.1) from /Users/zpfled/.rvm/gems/ruby-2.0.0-p353@global/specifications/bundler-1.5.1.gemspec
