# Logfile created on 2014-02-05 15:01:28 -0600 by logger.rb/41954
I, [2014-02-05T15:01:28.878926 #6824]  INFO -- : 0:  addressable (2.3.5) from /Users/zpfled/.rvm/gems/ruby-2.0.0-p353/specifications/addressable-2.3.5.gemspec
I, [2014-02-05T15:01:28.879419 #6824]  INFO -- : 0:  bcrypt-ruby (3.1.2) from /Users/zpfled/.rvm/gems/ruby-2.0.0-p353/specifications/bcrypt-ruby-3.1.2.gemspec
I, [2014-02-05T15:01:28.879733 #6824]  INFO -- : 0:  dm-core (1.2.1) from /Users/zpfled/.rvm/gems/ruby-2.0.0-p353/specifications/dm-core-1.2.1.gemspec
I, [2014-02-05T15:01:28.880025 #6824]  INFO -- : 0:  dm-aggregates (1.2.0) from /Users/zpfled/.rvm/gems/ruby-2.0.0-p353/specifications/dm-aggregates-1.2.0.gemspec
I, [2014-02-05T15:01:28.880311 #6824]  INFO -- : 0:  dm-constraints (1.2.0) from /Users/zpfled/.rvm/gems/ruby-2.0.0-p353/specifications/dm-constraints-1.2.0.gemspec
I, [2014-02-05T15:01:28.880593 #6824]  INFO -- : 0:  dm-migrations (1.2.0) from /Users/zpfled/.rvm/gems/ruby-2.0.0-p353/specifications/dm-migrations-1.2.0.gemspec
I, [2014-02-05T15:01:28.880877 #6824]  INFO -- : 0:  fastercsv (1.5.5) from /Users/zpfled/.rvm/gems/ruby-2.0.0-p353/specifications/fastercsv-1.5.5.gemspec
I, [2014-02-05T15:01:28.881163 #6824]  INFO -- : 0:  json (1.8.1) from /Users/zpfled/.rvm/gems/ruby-2.0.0-p353/specifications/json-1.8.1.gemspec
I, [2014-02-05T15:01:28.881449 #6824]  INFO -- : 0:  json_pure (1.8.1) from /Users/zpfled/.rvm/gems/ruby-2.0.0-p353/specifications/json_pure-1.8.1.gemspec
I, [2014-02-05T15:01:30.500644 #6824]  INFO -- : 0:  multi_json (1.8.4) from /Users/zpfled/.rvm/gems/ruby-2.0.0-p353/specifications/multi_json-1.8.4.gemspec
I, [2014-02-05T15:01:30.501235 #6824]  INFO -- : 0:  dm-serializer (1.2.2) from /Users/zpfled/.rvm/gems/ruby-2.0.0-p353/specifications/dm-serializer-1.2.2.gemspec
I, [2014-02-05T15:01:30.501653 #6824]  INFO -- : 0:  dm-timestamps (1.2.0) from /Users/zpfled/.rvm/gems/ruby-2.0.0-p353/specifications/dm-timestamps-1.2.0.gemspec
I, [2014-02-05T15:01:30.502056 #6824]  INFO -- : 0:  dm-transactions (1.2.0) from /Users/zpfled/.rvm/gems/ruby-2.0.0-p353/specifications/dm-transactions-1.2.0.gemspec
I, [2014-02-05T15:01:30.502465 #6824]  INFO -- : 0:  stringex (1.5.1) from /Users/zpfled/.rvm/gems/ruby-2.0.0-p353/specifications/stringex-1.5.1.gemspec
I, [2014-02-05T15:01:30.503024 #6824]  INFO -- : 0:  uuidtools (2.1.4) from /Users/zpfled/.rvm/gems/ruby-2.0.0-p353/specifications/uuidtools-2.1.4.gemspec
I, [2014-02-05T15:01:30.503393 #6824]  INFO -- : 0:  dm-types (1.2.2) from /Users/zpfled/.rvm/gems/ruby-2.0.0-p353/specifications/dm-types-1.2.2.gemspec
I, [2014-02-05T15:01:30.503739 #6824]  INFO -- : 0:  dm-validations (1.2.0) from /Users/zpfled/.rvm/gems/ruby-2.0.0-p353/specifications/dm-validations-1.2.0.gemspec
I, [2014-02-05T15:01:30.504067 #6824]  INFO -- : 0:  data_mapper (1.2.0) from /Users/zpfled/.rvm/gems/ruby-2.0.0-p353/specifications/data_mapper-1.2.0.gemspec
I, [2014-02-05T15:01:30.504393 #6824]  INFO -- : 0:  data_objects (0.10.13) from /Users/zpfled/.rvm/gems/ruby-2.0.0-p353/specifications/data_objects-0.10.13.gemspec
I, [2014-02-05T15:01:30.504713 #6824]  INFO -- : 0:  dm-do-adapter (1.2.0) from /Users/zpfled/.rvm/gems/ruby-2.0.0-p353/specifications/dm-do-adapter-1.2.0.gemspec
I, [2014-02-05T15:01:30.505030 #6824]  INFO -- : 0:  do_postgres (0.10.13) from /Users/zpfled/.rvm/gems/ruby-2.0.0-p353/specifications/do_postgres-0.10.13.gemspec
I, [2014-02-05T15:01:30.505346 #6824]  INFO -- : 0:  dm-postgres-adapter (1.2.0) from /Users/zpfled/.rvm/gems/ruby-2.0.0-p353/specifications/dm-postgres-adapter-1.2.0.gemspec
I, [2014-02-05T15:01:30.505655 #6824]  INFO -- : 0:  pg (0.17.1) from /Users/zpfled/.rvm/gems/ruby-2.0.0-p353/specifications/pg-0.17.1.gemspec
I, [2014-02-05T15:01:30.505963 #6824]  INFO -- : 0:  rack (1.5.2) from /Users/zpfled/.rvm/gems/ruby-2.0.0-p353/specifications/rack-1.5.2.gemspec
I, [2014-02-05T15:01:30.506276 #6824]  INFO -- : 0:  rack-protection (1.5.2) from /Users/zpfled/.rvm/gems/ruby-2.0.0-p353/specifications/rack-protection-1.5.2.gemspec
I, [2014-02-05T15:01:30.506584 #6824]  INFO -- : 0:  shotgun (0.9) from /Users/zpfled/.rvm/gems/ruby-2.0.0-p353/specifications/shotgun-0.9.gemspec
I, [2014-02-05T15:01:30.506927 #6824]  INFO -- : 0:  tilt (1.4.1) from /Users/zpfled/.rvm/gems/ruby-2.0.0-p353/specifications/tilt-1.4.1.gemspec
I, [2014-02-05T15:01:30.507243 #6824]  INFO -- : 0:  sinatra (1.3.4) from /Users/zpfled/.rvm/gems/ruby-2.0.0-p353/specifications/sinatra-1.3.4.gemspec
I, [2014-02-05T15:01:30.507537 #6824]  INFO -- : 0:  bundler (1.5.1) from /Users/zpfled/.rvm/gems/ruby-2.0.0-p353@global/specifications/bundler-1.5.1.gemspec
